<?xml version="1.0" encoding="UTF-8"?>
<testsuites name="Run all test cases" time="530.146" tests="40" failures="6" errors="5">
   <testsuite name="Run all test cases" tests="40" failures="6" errors="5" time="530.146" timestamp="2020-06-05 16:38:16" hostname="phat - Acer" id="Test Suites/Run all test cases">
      <properties>
         <property name="deviceName" value=""/>
         <property name="devicePlatform" value=""/>
         <property name="logFolder" value="/home/phat/Downloads/katalon/mattermost-webapp/Reports/20200605_163813/Run all test cases/20200605_163813"/>
         <property name="logFiles" value="/home/phat/Downloads/katalon/mattermost-webapp/Reports/20200605_163813/Run all test cases/20200605_163813/execution0.log"/>
         <property name="attachments" value="/home/phat/Downloads/katalon/mattermost-webapp/Reports/20200605_163813/Run all test cases/20200605_163813/1591349934927.png, /home/phat/Downloads/katalon/mattermost-webapp/Reports/20200605_163813/Run all test cases/20200605_163813/1591349998672.png, /home/phat/Downloads/katalon/mattermost-webapp/Reports/20200605_163813/Run all test cases/20200605_163813/1591350011179.png, /home/phat/Downloads/katalon/mattermost-webapp/Reports/20200605_163813/Run all test cases/20200605_163813/1591350086036.png, /home/phat/Downloads/katalon/mattermost-webapp/Reports/20200605_163813/Run all test cases/20200605_163813/1591350149174.png, /home/phat/Downloads/katalon/mattermost-webapp/Reports/20200605_163813/Run all test cases/20200605_163813/1591350219082.png"/>
         <property name="hostName" value="phat - Acer"/>
         <property name="os" value="Linux 64bit"/>
         <property name="katalonVersion" value="7.5.5.1"/>
         <property name="browser" value="Chrome 83.0.4103.97"/>
         <property name="hostAddress" value="127.0.1.1"/>
         <property name="sessionId" value="55722cdaa9258d0010d77fc723f5e1ac"/>
         <property name="seleniumVersion" value="3.141.59"/>
         <property name="proxyInformation" value="ProxyInformation { proxyOption=NO_PROXY, proxyServerType=HTTP, username=, password=********, proxyServerAddress=, proxyServerPort=0, executionList=\&quot;\&quot;, isApplyToDesiredCapabilities=true }"/>
         <property name="platform" value="Linux"/>
      </properties>
      <testcase name="Test Cases/csv test case/private-channel" time="24.109" classname="Test Cases/csv test case/private-channel" status="PASSED">
         <system-out><![CDATA[2020-06-05 16:38:16 - [TEST_CASE][PASSED] - Test Cases/csv test case/private-channel: Test Cases/csv test case/private-channel

2020-06-05 16:38:17 - [TEST_STEP][PASSED] - openBrowser(""): Browser is opened with url: ''

2020-06-05 16:38:17 - [MESSAGE][INFO] - Starting 'Chrome' driver

2020-06-05 16:38:17 - [MESSAGE][INFO] - Action delay is set to 0 milliseconds

2020-06-05 16:38:20 - [MESSAGE][PASSED] - Browser is opened with url: ''

2020-06-05 16:38:20 - [TEST_STEP][PASSED] - navigateToUrl("https://mattermost-aut.herokuapp.com/login"): Navigate to 'https://mattermost-aut.herokuapp.com/login' successfully

2020-06-05 16:38:23 - [MESSAGE][PASSED] - Navigate to 'https://mattermost-aut.herokuapp.com/login' successfully

2020-06-05 16:38:23 - [TEST_STEP][PASSED] - setText(findTestObject("Data Driven/login/Page_Mattermost/input_All team communication in one place searchable and accessible anywhere_loginId"), "phong1998"): Text 'phong1998' is set on object 'Object Repository/Data Driven/login/Page_Mattermost/input_All team communication in one place searchable and accessible anywhere_loginId'

2020-06-05 16:38:28 - [MESSAGE][PASSED] - Text 'phong1998' is set on object 'Object Repository/Data Driven/login/Page_Mattermost/input_All team communication in one place searchable and accessible anywhere_loginId'

2020-06-05 16:38:28 - [TEST_STEP][PASSED] - setEncryptedText(findTestObject("Data Driven/login/Page_Mattermost/input_All team communication in one place searchable and accessible anywhere_password"), "X6RAMBNCYDQ8H8PMJNlsmQ=="): Text ****** has been set on object 'Object Repository/Data Driven/login/Page_Mattermost/input_All team communication in one place searchable and accessible anywhere_password'

2020-06-05 16:38:28 - [MESSAGE][PASSED] - Text ****** has been set on object 'Object Repository/Data Driven/login/Page_Mattermost/input_All team communication in one place searchable and accessible anywhere_password'

2020-06-05 16:38:28 - [TEST_STEP][PASSED] - click(findTestObject("Data Driven/login/Page_Mattermost/button_Sign in")): Object: 'Object Repository/Data Driven/login/Page_Mattermost/button_Sign in' is clicked on

2020-06-05 16:38:29 - [MESSAGE][PASSED] - Object: 'Object Repository/Data Driven/login/Page_Mattermost/button_Sign in' is clicked on

2020-06-05 16:38:29 - [TEST_STEP][PASSED] - click(findTestObject("Data Driven/private-channel/Page_Town Square - team1612499 Mattermost/span_")): Object: 'Object Repository/Data Driven/private-channel/Page_Town Square - team1612499 Mattermost/span_' is clicked on

2020-06-05 16:38:38 - [MESSAGE][PASSED] - Object: 'Object Repository/Data Driven/private-channel/Page_Town Square - team1612499 Mattermost/span_' is clicked on

2020-06-05 16:38:38 - [TEST_STEP][PASSED] - setText(findTestObject("Data Driven/private-channel/Page_Town Square - team1612499 Mattermost/input_Name_newChannelName"), name): Text '' is set on object 'Object Repository/Data Driven/private-channel/Page_Town Square - team1612499 Mattermost/input_Name_newChannelName'

2020-06-05 16:38:39 - [MESSAGE][PASSED] - Text '' is set on object 'Object Repository/Data Driven/private-channel/Page_Town Square - team1612499 Mattermost/input_Name_newChannelName'

2020-06-05 16:38:39 - [TEST_STEP][PASSED] - setText(findTestObject("Data Driven/private-channel/Page_Town Square - team1612499 Mattermost/textarea_(optional)_newChannelPurpose"), purpose): Text '' is set on object 'Object Repository/Data Driven/private-channel/Page_Town Square - team1612499 Mattermost/textarea_(optional)_newChannelPurpose'

2020-06-05 16:38:40 - [MESSAGE][PASSED] - Text '' is set on object 'Object Repository/Data Driven/private-channel/Page_Town Square - team1612499 Mattermost/textarea_(optional)_newChannelPurpose'

2020-06-05 16:38:40 - [TEST_STEP][PASSED] - setText(findTestObject("Data Driven/private-channel/Page_Town Square - team1612499 Mattermost/textarea_(optional)_newChannelHeader"), header): Text '' is set on object 'Object Repository/Data Driven/private-channel/Page_Town Square - team1612499 Mattermost/textarea_(optional)_newChannelHeader'

2020-06-05 16:38:40 - [MESSAGE][PASSED] - Text '' is set on object 'Object Repository/Data Driven/private-channel/Page_Town Square - team1612499 Mattermost/textarea_(optional)_newChannelHeader'

2020-06-05 16:38:40 - [TEST_STEP][PASSED] - click(findTestObject("Data Driven/private-channel/Page_Town Square - team1612499 Mattermost/span_Create Channel")): Object: 'Object Repository/Data Driven/private-channel/Page_Town Square - team1612499 Mattermost/span_Create Channel' is clicked on

2020-06-05 16:38:40 - [MESSAGE][PASSED] - Object: 'Object Repository/Data Driven/private-channel/Page_Town Square - team1612499 Mattermost/span_Create Channel' is clicked on

2020-06-05 16:38:40 - [TEST_STEP][PASSED] - closeBrowser(): Browser is closed

2020-06-05 16:38:41 - [MESSAGE][PASSED] - Browser is closed]]></system-out>
         <system-err><![CDATA[]]></system-err>
      </testcase>
      <testcase name="Test Cases/csv test case/public-channel" time="14.08" classname="Test Cases/csv test case/public-channel" status="FAILED">
         <failure type="FAILED" message="Test Cases/csv test case/public-channel FAILED.
Reason:
com.kms.katalon.core.exception.StepFailedException: Unable to click on object
	at com.kms.katalon.core.webui.keyword.internal.WebUIKeywordMain.stepFailed(WebUIKeywordMain.groovy:64)
	at com.kms.katalon.core.webui.keyword.internal.WebUIKeywordMain.runKeyword(WebUIKeywordMain.groovy:26)
	at com.kms.katalon.core.webui.keyword.builtin.ClickKeyword.click(ClickKeyword.groovy:76)
	at com.kms.katalon.core.webui.keyword.builtin.ClickKeyword.execute(ClickKeyword.groovy:43)
	at com.kms.katalon.core.keyword.internal.KeywordExecutor.executeKeywordForPlatform(KeywordExecutor.groovy:72)
	at com.kms.katalon.core.webui.keyword.WebUiBuiltInKeywords.click(WebUiBuiltInKeywords.groovy:616)
	at com.kms.katalon.core.webui.keyword.WebUiBuiltInKeywords$click$3.call(Unknown Source)
	at public-channel.run(public-channel:42)
	at com.kms.katalon.core.main.ScriptEngine.run(ScriptEngine.java:194)
	at com.kms.katalon.core.main.ScriptEngine.runScriptAsRawText(ScriptEngine.java:119)
	at com.kms.katalon.core.main.TestCaseExecutor.runScript(TestCaseExecutor.java:337)
	at com.kms.katalon.core.main.TestCaseExecutor.doExecute(TestCaseExecutor.java:328)
	at com.kms.katalon.core.main.TestCaseExecutor.processExecutionPhase(TestCaseExecutor.java:307)
	at com.kms.katalon.core.main.TestCaseExecutor.accessMainPhase(TestCaseExecutor.java:299)
	at com.kms.katalon.core.main.TestCaseExecutor.execute(TestCaseExecutor.java:233)
	at com.kms.katalon.core.main.TestSuiteExecutor.accessTestCaseMainPhase(TestSuiteExecutor.java:169)
	at com.kms.katalon.core.main.TestSuiteExecutor.accessTestSuiteMainPhase(TestSuiteExecutor.java:142)
	at com.kms.katalon.core.main.TestSuiteExecutor.execute(TestSuiteExecutor.java:91)
	at com.kms.katalon.core.main.TestCaseMain.startTestSuite(TestCaseMain.java:157)
	at com.kms.katalon.core.main.TestCaseMain$startTestSuite$0.call(Unknown Source)
	at TempTestSuite1591349893024.run(TempTestSuite1591349893024.groovy:37)
Caused by: java.lang.IllegalArgumentException: Object is null
	at com.kms.katalon.core.helper.KeywordHelper.checkTestObjectParameter(KeywordHelper.java:33)
	at com.kms.katalon.core.webui.keyword.builtin.ClickKeyword$_click_closure1.doCall(ClickKeyword.groovy:65)
	at com.kms.katalon.core.webui.keyword.builtin.ClickKeyword$_click_closure1.call(ClickKeyword.groovy)
	at com.kms.katalon.core.webui.keyword.internal.WebUIKeywordMain.runKeyword(WebUIKeywordMain.groovy:20)
	... 19 more
"/>
         <system-out><![CDATA[2020-06-05 16:38:41 - [TEST_CASE][FAILED] - Test Cases/csv test case/public-channel: Test Cases/csv test case/public-channel FAILED.
Reason:
com.kms.katalon.core.exception.StepFailedException: Unable to click on object
	at com.kms.katalon.core.webui.keyword.internal.WebUIKeywordMain.stepFailed(WebUIKeywordMain.groovy:64)
	at com.kms.katalon.core.webui.keyword.internal.WebUIKeywordMain.runKeyword(WebUIKeywordMain.groovy:26)
	at com.kms.katalon.core.webui.keyword.builtin.ClickKeyword.click(ClickKeyword.groovy:76)
	at com.kms.katalon.core.webui.keyword.builtin.ClickKeyword.execute(ClickKeyword.groovy:43)
	at com.kms.katalon.core.keyword.internal.KeywordExecutor.executeKeywordForPlatform(KeywordExecutor.groovy:72)
	at com.kms.katalon.core.webui.keyword.WebUiBuiltInKeywords.click(WebUiBuiltInKeywords.groovy:616)
	at com.kms.katalon.core.webui.keyword.WebUiBuiltInKeywords$click$3.call(Unknown Source)
	at public-channel.run(public-channel:42)
	at com.kms.katalon.core.main.ScriptEngine.run(ScriptEngine.java:194)
	at com.kms.katalon.core.main.ScriptEngine.runScriptAsRawText(ScriptEngine.java:119)
	at com.kms.katalon.core.main.TestCaseExecutor.runScript(TestCaseExecutor.java:337)
	at com.kms.katalon.core.main.TestCaseExecutor.doExecute(TestCaseExecutor.java:328)
	at com.kms.katalon.core.main.TestCaseExecutor.processExecutionPhase(TestCaseExecutor.java:307)
	at com.kms.katalon.core.main.TestCaseExecutor.accessMainPhase(TestCaseExecutor.java:299)
	at com.kms.katalon.core.main.TestCaseExecutor.execute(TestCaseExecutor.java:233)
	at com.kms.katalon.core.main.TestSuiteExecutor.accessTestCaseMainPhase(TestSuiteExecutor.java:169)
	at com.kms.katalon.core.main.TestSuiteExecutor.accessTestSuiteMainPhase(TestSuiteExecutor.java:142)
	at com.kms.katalon.core.main.TestSuiteExecutor.execute(TestSuiteExecutor.java:91)
	at com.kms.katalon.core.main.TestCaseMain.startTestSuite(TestCaseMain.java:157)
	at com.kms.katalon.core.main.TestCaseMain$startTestSuite$0.call(Unknown Source)
	at TempTestSuite1591349893024.run(TempTestSuite1591349893024.groovy:37)
Caused by: java.lang.IllegalArgumentException: Object is null
	at com.kms.katalon.core.helper.KeywordHelper.checkTestObjectParameter(KeywordHelper.java:33)
	at com.kms.katalon.core.webui.keyword.builtin.ClickKeyword$_click_closure1.doCall(ClickKeyword.groovy:65)
	at com.kms.katalon.core.webui.keyword.builtin.ClickKeyword$_click_closure1.call(ClickKeyword.groovy)
	at com.kms.katalon.core.webui.keyword.internal.WebUIKeywordMain.runKeyword(WebUIKeywordMain.groovy:20)
	... 19 more


2020-06-05 16:38:41 - [TEST_STEP][PASSED] - openBrowser(""): Browser is opened with url: ''

2020-06-05 16:38:41 - [MESSAGE][INFO] - Starting 'Chrome' driver

2020-06-05 16:38:41 - [MESSAGE][INFO] - Action delay is set to 0 milliseconds

2020-06-05 16:38:41 - [MESSAGE][PASSED] - Browser is opened with url: ''

2020-06-05 16:38:41 - [TEST_STEP][PASSED] - navigateToUrl("https://mattermost-aut.herokuapp.com/login"): Navigate to 'https://mattermost-aut.herokuapp.com/login' successfully

2020-06-05 16:38:44 - [MESSAGE][PASSED] - Navigate to 'https://mattermost-aut.herokuapp.com/login' successfully

2020-06-05 16:38:44 - [TEST_STEP][PASSED] - setText(findTestObject("Data Driven/login/Page_Mattermost/input_All team communication in one place searchable and accessible anywhere_loginId"), "phong1998"): Text 'phong1998' is set on object 'Object Repository/Data Driven/login/Page_Mattermost/input_All team communication in one place searchable and accessible anywhere_loginId'

2020-06-05 16:38:49 - [MESSAGE][PASSED] - Text 'phong1998' is set on object 'Object Repository/Data Driven/login/Page_Mattermost/input_All team communication in one place searchable and accessible anywhere_loginId'

2020-06-05 16:38:49 - [TEST_STEP][PASSED] - setEncryptedText(findTestObject("Data Driven/login/Page_Mattermost/input_All team communication in one place searchable and accessible anywhere_password"), "X6RAMBNCYDQ8H8PMJNlsmQ=="): Text ****** has been set on object 'Object Repository/Data Driven/login/Page_Mattermost/input_All team communication in one place searchable and accessible anywhere_password'

2020-06-05 16:38:49 - [MESSAGE][PASSED] - Text ****** has been set on object 'Object Repository/Data Driven/login/Page_Mattermost/input_All team communication in one place searchable and accessible anywhere_password'

2020-06-05 16:38:49 - [TEST_STEP][PASSED] - click(findTestObject("Data Driven/login/Page_Mattermost/button_Sign in")): Object: 'Object Repository/Data Driven/login/Page_Mattermost/button_Sign in' is clicked on

2020-06-05 16:38:50 - [MESSAGE][PASSED] - Object: 'Object Repository/Data Driven/login/Page_Mattermost/button_Sign in' is clicked on

2020-06-05 16:38:50 - [TEST_STEP][PASSED] - click(findTestObject("Data Driven/public-channel/Page_Town Square - team1612499 Mattermost/span_")): Object: 'Object Repository/Data Driven/public-channel/Page_Town Square - team1612499 Mattermost/span_' is clicked on

2020-06-05 16:38:53 - [MESSAGE][PASSED] - Object: 'Object Repository/Data Driven/public-channel/Page_Town Square - team1612499 Mattermost/span_' is clicked on

2020-06-05 16:38:53 - [TEST_STEP][PASSED] - setText(findTestObject("Data Driven/public-channel/Page_Town Square - team1612499 Mattermost/input_Name_newChannelName"), name): Text '' is set on object 'Object Repository/Data Driven/public-channel/Page_Town Square - team1612499 Mattermost/input_Name_newChannelName'

2020-06-05 16:38:53 - [MESSAGE][PASSED] - Text '' is set on object 'Object Repository/Data Driven/public-channel/Page_Town Square - team1612499 Mattermost/input_Name_newChannelName'

2020-06-05 16:38:53 - [TEST_STEP][PASSED] - setText(findTestObject("Data Driven/public-channel/Page_Town Square - team1612499 Mattermost/textarea_(optional)_newChannelPurpose"), purpose): Text '' is set on object 'Object Repository/Data Driven/public-channel/Page_Town Square - team1612499 Mattermost/textarea_(optional)_newChannelPurpose'

2020-06-05 16:38:54 - [MESSAGE][PASSED] - Text '' is set on object 'Object Repository/Data Driven/public-channel/Page_Town Square - team1612499 Mattermost/textarea_(optional)_newChannelPurpose'

2020-06-05 16:38:54 - [TEST_STEP][PASSED] - setText(findTestObject("Data Driven/public-channel/Page_Town Square - team1612499 Mattermost/textarea_(optional)_newChannelHeader"), header): Text '' is set on object 'Object Repository/Data Driven/public-channel/Page_Town Square - team1612499 Mattermost/textarea_(optional)_newChannelHeader'

2020-06-05 16:38:54 - [MESSAGE][PASSED] - Text '' is set on object 'Object Repository/Data Driven/public-channel/Page_Town Square - team1612499 Mattermost/textarea_(optional)_newChannelHeader'

2020-06-05 16:38:54 - [TEST_STEP][FAILED] - click(findTestObject("Page_Town Square - team1612499 Mattermost/span_Create Channel")): Unable to click on object (Root cause: com.kms.katalon.core.exception.StepFailedException: Unable to click on object
	at com.kms.katalon.core.webui.keyword.internal.WebUIKeywordMain.stepFailed(WebUIKeywordMain.groovy:64)
	at com.kms.katalon.core.webui.keyword.internal.WebUIKeywordMain.runKeyword(WebUIKeywordMain.groovy:26)
	at com.kms.katalon.core.webui.keyword.builtin.ClickKeyword.click(ClickKeyword.groovy:76)
	at com.kms.katalon.core.webui.keyword.builtin.ClickKeyword.execute(ClickKeyword.groovy:43)
	at com.kms.katalon.core.keyword.internal.KeywordExecutor.executeKeywordForPlatform(KeywordExecutor.groovy:72)
	at com.kms.katalon.core.webui.keyword.WebUiBuiltInKeywords.click(WebUiBuiltInKeywords.groovy:616)
	at com.kms.katalon.core.webui.keyword.WebUiBuiltInKeywords$click$3.call(Unknown Source)
	at public-channel.run(public-channel:42)
	at com.kms.katalon.core.main.ScriptEngine.run(ScriptEngine.java:194)
	at com.kms.katalon.core.main.ScriptEngine.runScriptAsRawText(ScriptEngine.java:119)
	at com.kms.katalon.core.main.TestCaseExecutor.runScript(TestCaseExecutor.java:337)
	at com.kms.katalon.core.main.TestCaseExecutor.doExecute(TestCaseExecutor.java:328)
	at com.kms.katalon.core.main.TestCaseExecutor.processExecutionPhase(TestCaseExecutor.java:307)
	at com.kms.katalon.core.main.TestCaseExecutor.accessMainPhase(TestCaseExecutor.java:299)
	at com.kms.katalon.core.main.TestCaseExecutor.execute(TestCaseExecutor.java:233)
	at com.kms.katalon.core.main.TestSuiteExecutor.accessTestCaseMainPhase(TestSuiteExecutor.java:169)
	at com.kms.katalon.core.main.TestSuiteExecutor.accessTestSuiteMainPhase(TestSuiteExecutor.java:142)
	at com.kms.katalon.core.main.TestSuiteExecutor.execute(TestSuiteExecutor.java:91)
	at com.kms.katalon.core.main.TestCaseMain.startTestSuite(TestCaseMain.java:157)
	at com.kms.katalon.core.main.TestCaseMain$startTestSuite$0.call(Unknown Source)
	at TempTestSuite1591349893024.run(TempTestSuite1591349893024.groovy:37)
Caused by: java.lang.IllegalArgumentException: Object is null
	at com.kms.katalon.core.helper.KeywordHelper.checkTestObjectParameter(KeywordHelper.java:33)
	at com.kms.katalon.core.webui.keyword.builtin.ClickKeyword$_click_closure1.doCall(ClickKeyword.groovy:65)
	at com.kms.katalon.core.webui.keyword.builtin.ClickKeyword$_click_closure1.call(ClickKeyword.groovy)
	at com.kms.katalon.core.webui.keyword.internal.WebUIKeywordMain.runKeyword(WebUIKeywordMain.groovy:20)
	at com.kms.katalon.core.webui.keyword.builtin.ClickKeyword.click(ClickKeyword.groovy:76)
	at com.kms.katalon.core.webui.keyword.builtin.ClickKeyword.execute(ClickKeyword.groovy:43)
	at com.kms.katalon.core.keyword.internal.KeywordExecutor.executeKeywordForPlatform(KeywordExecutor.groovy:72)
	at com.kms.katalon.core.webui.keyword.WebUiBuiltInKeywords.click(WebUiBuiltInKeywords.groovy:616)
	at com.kms.katalon.core.webui.keyword.WebUiBuiltInKeywords$click$3.call(Unknown Source)
	at Script1591278352537.run(Script1591278352537.groovy:42)
	... 13 more
)

2020-06-05 16:38:54 - [MESSAGE][WARNING] - Test object with id 'Object Repository/Page_Town Square - team1612499 Mattermost/span_Create Channel' does not exist

2020-06-05 16:38:54 - [MESSAGE][WARNING] - Test object with id 'Object Repository/' does not exist

2020-06-05 16:38:55 - [MESSAGE][FAILED] - Unable to click on object (Root cause: com.kms.katalon.core.exception.StepFailedException: Unable to click on object
	at com.kms.katalon.core.webui.keyword.internal.WebUIKeywordMain.stepFailed(WebUIKeywordMain.groovy:64)
	at com.kms.katalon.core.webui.keyword.internal.WebUIKeywordMain.runKeyword(WebUIKeywordMain.groovy:26)
	at com.kms.katalon.core.webui.keyword.builtin.ClickKeyword.click(ClickKeyword.groovy:76)
	at com.kms.katalon.core.webui.keyword.builtin.ClickKeyword.execute(ClickKeyword.groovy:43)
	at com.kms.katalon.core.keyword.internal.KeywordExecutor.executeKeywordForPlatform(KeywordExecutor.groovy:72)
	at com.kms.katalon.core.webui.keyword.WebUiBuiltInKeywords.click(WebUiBuiltInKeywords.groovy:616)
	at com.kms.katalon.core.webui.keyword.WebUiBuiltInKeywords$click$3.call(Unknown Source)
	at public-channel.run(public-channel:42)
	at com.kms.katalon.core.main.ScriptEngine.run(ScriptEngine.java:194)
	at com.kms.katalon.core.main.ScriptEngine.runScriptAsRawText(ScriptEngine.java:119)
	at com.kms.katalon.core.main.TestCaseExecutor.runScript(TestCaseExecutor.java:337)
	at com.kms.katalon.core.main.TestCaseExecutor.doExecute(TestCaseExecutor.java:328)
	at com.kms.katalon.core.main.TestCaseExecutor.processExecutionPhase(TestCaseExecutor.java:307)
	at com.kms.katalon.core.main.TestCaseExecutor.accessMainPhase(TestCaseExecutor.java:299)
	at com.kms.katalon.core.main.TestCaseExecutor.execute(TestCaseExecutor.java:233)
	at com.kms.katalon.core.main.TestSuiteExecutor.accessTestCaseMainPhase(TestSuiteExecutor.java:169)
	at com.kms.katalon.core.main.TestSuiteExecutor.accessTestSuiteMainPhase(TestSuiteExecutor.java:142)
	at com.kms.katalon.core.main.TestSuiteExecutor.execute(TestSuiteExecutor.java:91)
	at com.kms.katalon.core.main.TestCaseMain.startTestSuite(TestCaseMain.java:157)
	at com.kms.katalon.core.main.TestCaseMain$startTestSuite$0.call(Unknown Source)
	at TempTestSuite1591349893024.run(TempTestSuite1591349893024.groovy:37)
Caused by: java.lang.IllegalArgumentException: Object is null
	at com.kms.katalon.core.helper.KeywordHelper.checkTestObjectParameter(KeywordHelper.java:33)
	at com.kms.katalon.core.webui.keyword.builtin.ClickKeyword$_click_closure1.doCall(ClickKeyword.groovy:65)
	at com.kms.katalon.core.webui.keyword.builtin.ClickKeyword$_click_closure1.call(ClickKeyword.groovy)
	at com.kms.katalon.core.webui.keyword.internal.WebUIKeywordMain.runKeyword(WebUIKeywordMain.groovy:20)
	at com.kms.katalon.core.webui.keyword.builtin.ClickKeyword.click(ClickKeyword.groovy:76)
	at com.kms.katalon.core.webui.keyword.builtin.ClickKeyword.execute(ClickKeyword.groovy:43)
	at com.kms.katalon.core.keyword.internal.KeywordExecutor.executeKeywordForPlatform(KeywordExecutor.groovy:72)
	at com.kms.katalon.core.webui.keyword.WebUiBuiltInKeywords.click(WebUiBuiltInKeywords.groovy:616)
	at com.kms.katalon.core.webui.keyword.WebUiBuiltInKeywords$click$3.call(Unknown Source)
	at Script1591278352537.run(Script1591278352537.groovy:42)
	... 13 more
)
[[ATTACHMENT|/home/phat/Downloads/katalon/mattermost-webapp/Reports/20200605_163813/Run all test cases/20200605_163813/1591349934927.png]]]]></system-out>
         <system-err><![CDATA[2020-06-05 16:38:41 - [TEST_CASE][FAILED] - Test Cases/csv test case/public-channel: Test Cases/csv test case/public-channel FAILED.
Reason:
com.kms.katalon.core.exception.StepFailedException: Unable to click on object
	at com.kms.katalon.core.webui.keyword.internal.WebUIKeywordMain.stepFailed(WebUIKeywordMain.groovy:64)
	at com.kms.katalon.core.webui.keyword.internal.WebUIKeywordMain.runKeyword(WebUIKeywordMain.groovy:26)
	at com.kms.katalon.core.webui.keyword.builtin.ClickKeyword.click(ClickKeyword.groovy:76)
	at com.kms.katalon.core.webui.keyword.builtin.ClickKeyword.execute(ClickKeyword.groovy:43)
	at com.kms.katalon.core.keyword.internal.KeywordExecutor.executeKeywordForPlatform(KeywordExecutor.groovy:72)
	at com.kms.katalon.core.webui.keyword.WebUiBuiltInKeywords.click(WebUiBuiltInKeywords.groovy:616)
	at com.kms.katalon.core.webui.keyword.WebUiBuiltInKeywords$click$3.call(Unknown Source)
	at public-channel.run(public-channel:42)
	at com.kms.katalon.core.main.ScriptEngine.run(ScriptEngine.java:194)
	at com.kms.katalon.core.main.ScriptEngine.runScriptAsRawText(ScriptEngine.java:119)
	at com.kms.katalon.core.main.TestCaseExecutor.runScript(TestCaseExecutor.java:337)
	at com.kms.katalon.core.main.TestCaseExecutor.doExecute(TestCaseExecutor.java:328)
	at com.kms.katalon.core.main.TestCaseExecutor.processExecutionPhase(TestCaseExecutor.java:307)
	at com.kms.katalon.core.main.TestCaseExecutor.accessMainPhase(TestCaseExecutor.java:299)
	at com.kms.katalon.core.main.TestCaseExecutor.execute(TestCaseExecutor.java:233)
	at com.kms.katalon.core.main.TestSuiteExecutor.accessTestCaseMainPhase(TestSuiteExecutor.java:169)
	at com.kms.katalon.core.main.TestSuiteExecutor.accessTestSuiteMainPhase(TestSuiteExecutor.java:142)
	at com.kms.katalon.core.main.TestSuiteExecutor.execute(TestSuiteExecutor.java:91)
	at com.kms.katalon.core.main.TestCaseMain.startTestSuite(TestCaseMain.java:157)
	at com.kms.katalon.core.main.TestCaseMain$startTestSuite$0.call(Unknown Source)
	at TempTestSuite1591349893024.run(TempTestSuite1591349893024.groovy:37)
Caused by: java.lang.IllegalArgumentException: Object is null
	at com.kms.katalon.core.helper.KeywordHelper.checkTestObjectParameter(KeywordHelper.java:33)
	at com.kms.katalon.core.webui.keyword.builtin.ClickKeyword$_click_closure1.doCall(ClickKeyword.groovy:65)
	at com.kms.katalon.core.webui.keyword.builtin.ClickKeyword$_click_closure1.call(ClickKeyword.groovy)
	at com.kms.katalon.core.webui.keyword.internal.WebUIKeywordMain.runKeyword(WebUIKeywordMain.groovy:20)
	... 19 more]]></system-err>
      </testcase>
      <testcase name="Test Cases/csv test case/login" time="15.073" classname="Test Cases/csv test case/login" status="PASSED">
         <system-out><![CDATA[2020-06-05 16:38:55 - [TEST_CASE][PASSED] - Test Cases/csv test case/login: Test Cases/csv test case/login

2020-06-05 16:38:55 - [TEST_STEP][PASSED] - openBrowser(""): Browser is opened with url: ''

2020-06-05 16:38:55 - [MESSAGE][WARNING] - A browser is already opened. Closing browser and opening a new one

2020-06-05 16:38:55 - [MESSAGE][INFO] - Starting 'Chrome' driver

2020-06-05 16:38:55 - [MESSAGE][INFO] - Action delay is set to 0 milliseconds

2020-06-05 16:38:55 - [MESSAGE][PASSED] - Browser is opened with url: ''

2020-06-05 16:38:55 - [TEST_STEP][PASSED] - navigateToUrl("https://mattermost-aut.herokuapp.com/login"): Navigate to 'https://mattermost-aut.herokuapp.com/login' successfully

2020-06-05 16:39:00 - [MESSAGE][PASSED] - Navigate to 'https://mattermost-aut.herokuapp.com/login' successfully

2020-06-05 16:39:00 - [TEST_STEP][PASSED] - setText(findTestObject("Data Driven/login/Page_Mattermost/input_All team communication in one place searchable and accessible anywhere_loginId"), username): Text '' is set on object 'Object Repository/Data Driven/login/Page_Mattermost/input_All team communication in one place searchable and accessible anywhere_loginId'

2020-06-05 16:39:09 - [MESSAGE][PASSED] - Text '' is set on object 'Object Repository/Data Driven/login/Page_Mattermost/input_All team communication in one place searchable and accessible anywhere_loginId'

2020-06-05 16:39:09 - [TEST_STEP][PASSED] - setEncryptedText(findTestObject("Data Driven/login/Page_Mattermost/input_All team communication in one place searchable and accessible anywhere_password"), password): Text ****** has been set on object 'Object Repository/Data Driven/login/Page_Mattermost/input_All team communication in one place searchable and accessible anywhere_password'

2020-06-05 16:39:09 - [MESSAGE][PASSED] - Text ****** has been set on object 'Object Repository/Data Driven/login/Page_Mattermost/input_All team communication in one place searchable and accessible anywhere_password'

2020-06-05 16:39:09 - [TEST_STEP][PASSED] - click(findTestObject("Data Driven/login/Page_Mattermost/button_Sign in")): Object: 'Object Repository/Data Driven/login/Page_Mattermost/button_Sign in' is clicked on

2020-06-05 16:39:10 - [MESSAGE][PASSED] - Object: 'Object Repository/Data Driven/login/Page_Mattermost/button_Sign in' is clicked on

2020-06-05 16:39:10 - [TEST_STEP][PASSED] - closeBrowser(): Browser is closed

2020-06-05 16:39:10 - [MESSAGE][PASSED] - Browser is closed]]></system-out>
         <system-err><![CDATA[]]></system-err>
      </testcase>
      <testcase name="Test Cases/csv test case/direct-message" time="15.357" classname="Test Cases/csv test case/direct-message" status="PASSED">
         <system-out><![CDATA[2020-06-05 16:39:10 - [TEST_CASE][PASSED] - Test Cases/csv test case/direct-message: Test Cases/csv test case/direct-message

2020-06-05 16:39:10 - [TEST_STEP][PASSED] - openBrowser(""): Browser is opened with url: ''

2020-06-05 16:39:10 - [MESSAGE][INFO] - Starting 'Chrome' driver

2020-06-05 16:39:10 - [MESSAGE][INFO] - Action delay is set to 0 milliseconds

2020-06-05 16:39:10 - [MESSAGE][PASSED] - Browser is opened with url: ''

2020-06-05 16:39:10 - [TEST_STEP][PASSED] - navigateToUrl("https://mattermost-aut.herokuapp.com/login"): Navigate to 'https://mattermost-aut.herokuapp.com/login' successfully

2020-06-05 16:39:13 - [MESSAGE][PASSED] - Navigate to 'https://mattermost-aut.herokuapp.com/login' successfully

2020-06-05 16:39:13 - [TEST_STEP][PASSED] - setText(findTestObject("Data Driven/login/Page_Mattermost/input_All team communication in one place searchable and accessible anywhere_loginId"), "phong1998"): Text 'phong1998' is set on object 'Object Repository/Data Driven/login/Page_Mattermost/input_All team communication in one place searchable and accessible anywhere_loginId'

2020-06-05 16:39:18 - [MESSAGE][PASSED] - Text 'phong1998' is set on object 'Object Repository/Data Driven/login/Page_Mattermost/input_All team communication in one place searchable and accessible anywhere_loginId'

2020-06-05 16:39:18 - [TEST_STEP][PASSED] - setEncryptedText(findTestObject("Data Driven/login/Page_Mattermost/input_All team communication in one place searchable and accessible anywhere_password"), "X6RAMBNCYDQ8H8PMJNlsmQ=="): Text ****** has been set on object 'Object Repository/Data Driven/login/Page_Mattermost/input_All team communication in one place searchable and accessible anywhere_password'

2020-06-05 16:39:18 - [MESSAGE][PASSED] - Text ****** has been set on object 'Object Repository/Data Driven/login/Page_Mattermost/input_All team communication in one place searchable and accessible anywhere_password'

2020-06-05 16:39:18 - [TEST_STEP][PASSED] - click(findTestObject("Data Driven/login/Page_Mattermost/button_Sign in")): Object: 'Object Repository/Data Driven/login/Page_Mattermost/button_Sign in' is clicked on

2020-06-05 16:39:19 - [MESSAGE][PASSED] - Object: 'Object Repository/Data Driven/login/Page_Mattermost/button_Sign in' is clicked on

2020-06-05 16:39:19 - [TEST_STEP][PASSED] - click(findTestObject("Data Driven/direct-message/Page_Town Square - team1612499 Mattermost/span_")): Object: 'Object Repository/Data Driven/direct-message/Page_Town Square - team1612499 Mattermost/span_' is clicked on

2020-06-05 16:39:22 - [MESSAGE][PASSED] - Object: 'Object Repository/Data Driven/direct-message/Page_Town Square - team1612499 Mattermost/span_' is clicked on

2020-06-05 16:39:22 - [TEST_STEP][PASSED] - click(findTestObject("Data Driven/direct-message/Page_Town Square - team1612499 Mattermost/div_huydoan198gmailcom_more-modal__actions--round")): Object: 'Object Repository/Data Driven/direct-message/Page_Town Square - team1612499 Mattermost/div_huydoan198gmailcom_more-modal__actions--round' is clicked on

2020-06-05 16:39:23 - [MESSAGE][PASSED] - Object: 'Object Repository/Data Driven/direct-message/Page_Town Square - team1612499 Mattermost/div_huydoan198gmailcom_more-modal__actions--round' is clicked on

2020-06-05 16:39:23 - [TEST_STEP][PASSED] - click(findTestObject("Data Driven/direct-message/Page_Town Square - team1612499 Mattermost/span_Go")): Object: 'Object Repository/Data Driven/direct-message/Page_Town Square - team1612499 Mattermost/span_Go' is clicked on

2020-06-05 16:39:23 - [MESSAGE][PASSED] - Object: 'Object Repository/Data Driven/direct-message/Page_Town Square - team1612499 Mattermost/span_Go' is clicked on

2020-06-05 16:39:23 - [TEST_STEP][PASSED] - setText(findTestObject("Data Driven/direct-message/Page_huydoan - team1612499 Mattermost/textarea_Write to huydoan_post_textbox"), message): Text '' is set on object 'Object Repository/Data Driven/direct-message/Page_huydoan - team1612499 Mattermost/textarea_Write to huydoan_post_textbox'

2020-06-05 16:39:25 - [MESSAGE][PASSED] - Text '' is set on object 'Object Repository/Data Driven/direct-message/Page_huydoan - team1612499 Mattermost/textarea_Write to huydoan_post_textbox'

2020-06-05 16:39:25 - [TEST_STEP][PASSED] - closeBrowser(): Browser is closed

2020-06-05 16:39:25 - [MESSAGE][PASSED] - Browser is closed]]></system-out>
         <system-err><![CDATA[]]></system-err>
      </testcase>
      <testcase name="Test Cases/csv test case/full-name" time="15.172" classname="Test Cases/csv test case/full-name" status="PASSED">
         <system-out><![CDATA[2020-06-05 16:39:25 - [TEST_CASE][PASSED] - Test Cases/csv test case/full-name: Test Cases/csv test case/full-name

2020-06-05 16:39:25 - [TEST_STEP][PASSED] - openBrowser(""): Browser is opened with url: ''

2020-06-05 16:39:25 - [MESSAGE][INFO] - Starting 'Chrome' driver

2020-06-05 16:39:25 - [MESSAGE][INFO] - Action delay is set to 0 milliseconds

2020-06-05 16:39:26 - [MESSAGE][PASSED] - Browser is opened with url: ''

2020-06-05 16:39:26 - [TEST_STEP][PASSED] - navigateToUrl("https://mattermost-aut.herokuapp.com/login"): Navigate to 'https://mattermost-aut.herokuapp.com/login' successfully

2020-06-05 16:39:29 - [MESSAGE][PASSED] - Navigate to 'https://mattermost-aut.herokuapp.com/login' successfully

2020-06-05 16:39:29 - [TEST_STEP][PASSED] - setText(findTestObject("Data Driven/login/Page_Mattermost/input_All team communication in one place searchable and accessible anywhere_loginId"), "phong1998"): Text 'phong1998' is set on object 'Object Repository/Data Driven/login/Page_Mattermost/input_All team communication in one place searchable and accessible anywhere_loginId'

2020-06-05 16:39:33 - [MESSAGE][PASSED] - Text 'phong1998' is set on object 'Object Repository/Data Driven/login/Page_Mattermost/input_All team communication in one place searchable and accessible anywhere_loginId'

2020-06-05 16:39:33 - [TEST_STEP][PASSED] - setEncryptedText(findTestObject("Data Driven/login/Page_Mattermost/input_All team communication in one place searchable and accessible anywhere_password"), "X6RAMBNCYDQ8H8PMJNlsmQ=="): Text ****** has been set on object 'Object Repository/Data Driven/login/Page_Mattermost/input_All team communication in one place searchable and accessible anywhere_password'

2020-06-05 16:39:34 - [MESSAGE][PASSED] - Text ****** has been set on object 'Object Repository/Data Driven/login/Page_Mattermost/input_All team communication in one place searchable and accessible anywhere_password'

2020-06-05 16:39:34 - [TEST_STEP][PASSED] - click(findTestObject("Data Driven/login/Page_Mattermost/button_Sign in")): Object: 'Object Repository/Data Driven/login/Page_Mattermost/button_Sign in' is clicked on

2020-06-05 16:39:34 - [MESSAGE][PASSED] - Object: 'Object Repository/Data Driven/login/Page_Mattermost/button_Sign in' is clicked on

2020-06-05 16:39:34 - [TEST_STEP][PASSED] - click(findTestObject("Data Driven/full-name/Page_Town Square - team1612499 Mattermost/span")): Object: 'Object Repository/Data Driven/full-name/Page_Town Square - team1612499 Mattermost/span' is clicked on

2020-06-05 16:39:37 - [MESSAGE][PASSED] - Object: 'Object Repository/Data Driven/full-name/Page_Town Square - team1612499 Mattermost/span' is clicked on

2020-06-05 16:39:37 - [TEST_STEP][PASSED] - click(findTestObject("Data Driven/full-name/Page_Town Square - team1612499 Mattermost/span_Account Settings")): Object: 'Object Repository/Data Driven/full-name/Page_Town Square - team1612499 Mattermost/span_Account Settings' is clicked on

2020-06-05 16:39:38 - [MESSAGE][PASSED] - Object: 'Object Repository/Data Driven/full-name/Page_Town Square - team1612499 Mattermost/span_Account Settings' is clicked on

2020-06-05 16:39:38 - [TEST_STEP][PASSED] - click(findTestObject("Data Driven/full-name/Page_Town Square - team1612499 Mattermost/span_Edit")): Object: 'Object Repository/Data Driven/full-name/Page_Town Square - team1612499 Mattermost/span_Edit' is clicked on

2020-06-05 16:39:39 - [MESSAGE][PASSED] - Object: 'Object Repository/Data Driven/full-name/Page_Town Square - team1612499 Mattermost/span_Edit' is clicked on

2020-06-05 16:39:39 - [TEST_STEP][PASSED] - setText(findTestObject("Data Driven/full-name/Page_Town Square - team1612499 Mattermost/input_First Name_firstName"), first_name): Text '' is set on object 'Object Repository/Data Driven/full-name/Page_Town Square - team1612499 Mattermost/input_First Name_firstName'

2020-06-05 16:39:39 - [MESSAGE][PASSED] - Text '' is set on object 'Object Repository/Data Driven/full-name/Page_Town Square - team1612499 Mattermost/input_First Name_firstName'

2020-06-05 16:39:39 - [TEST_STEP][PASSED] - setText(findTestObject("Data Driven/full-name/Page_Town Square - team1612499 Mattermost/input_Last Name_lastName"), last_name): Text '' is set on object 'Object Repository/Data Driven/full-name/Page_Town Square - team1612499 Mattermost/input_Last Name_lastName'

2020-06-05 16:39:40 - [MESSAGE][PASSED] - Text '' is set on object 'Object Repository/Data Driven/full-name/Page_Town Square - team1612499 Mattermost/input_Last Name_lastName'

2020-06-05 16:39:40 - [TEST_STEP][PASSED] - click(findTestObject("Data Driven/full-name/Page_Town Square - team1612499 Mattermost/span_Save")): Object: 'Object Repository/Data Driven/full-name/Page_Town Square - team1612499 Mattermost/span_Save' is clicked on

2020-06-05 16:39:40 - [MESSAGE][PASSED] - Object: 'Object Repository/Data Driven/full-name/Page_Town Square - team1612499 Mattermost/span_Save' is clicked on

2020-06-05 16:39:40 - [TEST_STEP][PASSED] - closeBrowser(): Browser is closed

2020-06-05 16:39:40 - [MESSAGE][PASSED] - Browser is closed]]></system-out>
         <system-err><![CDATA[]]></system-err>
      </testcase>
      <testcase name="Test Cases/internal data test case/email" time="18.133" classname="Test Cases/internal data test case/email" status="FAILED">
         <failure type="FAILED" message="Test Cases/internal data test case/email FAILED.
Reason:
com.kms.katalon.core.exception.StepFailedException: Unable to click on object
	at com.kms.katalon.core.webui.keyword.internal.WebUIKeywordMain.stepFailed(WebUIKeywordMain.groovy:64)
	at com.kms.katalon.core.webui.keyword.internal.WebUIKeywordMain.runKeyword(WebUIKeywordMain.groovy:26)
	at com.kms.katalon.core.webui.keyword.builtin.ClickKeyword.click(ClickKeyword.groovy:76)
	at com.kms.katalon.core.webui.keyword.builtin.ClickKeyword.execute(ClickKeyword.groovy:43)
	at com.kms.katalon.core.keyword.internal.KeywordExecutor.executeKeywordForPlatform(KeywordExecutor.groovy:72)
	at com.kms.katalon.core.webui.keyword.WebUiBuiltInKeywords.click(WebUiBuiltInKeywords.groovy:616)
	at com.kms.katalon.core.webui.keyword.WebUiBuiltInKeywords$click$3.call(Unknown Source)
	at email.run(email:34)
	at com.kms.katalon.core.main.ScriptEngine.run(ScriptEngine.java:194)
	at com.kms.katalon.core.main.ScriptEngine.runScriptAsRawText(ScriptEngine.java:119)
	at com.kms.katalon.core.main.TestCaseExecutor.runScript(TestCaseExecutor.java:337)
	at com.kms.katalon.core.main.TestCaseExecutor.doExecute(TestCaseExecutor.java:328)
	at com.kms.katalon.core.main.TestCaseExecutor.processExecutionPhase(TestCaseExecutor.java:307)
	at com.kms.katalon.core.main.TestCaseExecutor.accessMainPhase(TestCaseExecutor.java:299)
	at com.kms.katalon.core.main.TestCaseExecutor.execute(TestCaseExecutor.java:233)
	at com.kms.katalon.core.main.TestSuiteExecutor.accessTestCaseMainPhase(TestSuiteExecutor.java:169)
	at com.kms.katalon.core.main.TestSuiteExecutor.accessTestSuiteMainPhase(TestSuiteExecutor.java:142)
	at com.kms.katalon.core.main.TestSuiteExecutor.execute(TestSuiteExecutor.java:91)
	at com.kms.katalon.core.main.TestCaseMain.startTestSuite(TestCaseMain.java:157)
	at com.kms.katalon.core.main.TestCaseMain$startTestSuite$0.call(Unknown Source)
	at TempTestSuite1591349893024.run(TempTestSuite1591349893024.groovy:37)
Caused by: java.lang.IllegalArgumentException: Object is null
	at com.kms.katalon.core.helper.KeywordHelper.checkTestObjectParameter(KeywordHelper.java:33)
	at com.kms.katalon.core.webui.keyword.builtin.ClickKeyword$_click_closure1.doCall(ClickKeyword.groovy:65)
	at com.kms.katalon.core.webui.keyword.builtin.ClickKeyword$_click_closure1.call(ClickKeyword.groovy)
	at com.kms.katalon.core.webui.keyword.internal.WebUIKeywordMain.runKeyword(WebUIKeywordMain.groovy:20)
	... 19 more
"/>
         <system-out><![CDATA[2020-06-05 16:39:40 - [TEST_CASE][FAILED] - Test Cases/internal data test case/email: Test Cases/internal data test case/email FAILED.
Reason:
com.kms.katalon.core.exception.StepFailedException: Unable to click on object
	at com.kms.katalon.core.webui.keyword.internal.WebUIKeywordMain.stepFailed(WebUIKeywordMain.groovy:64)
	at com.kms.katalon.core.webui.keyword.internal.WebUIKeywordMain.runKeyword(WebUIKeywordMain.groovy:26)
	at com.kms.katalon.core.webui.keyword.builtin.ClickKeyword.click(ClickKeyword.groovy:76)
	at com.kms.katalon.core.webui.keyword.builtin.ClickKeyword.execute(ClickKeyword.groovy:43)
	at com.kms.katalon.core.keyword.internal.KeywordExecutor.executeKeywordForPlatform(KeywordExecutor.groovy:72)
	at com.kms.katalon.core.webui.keyword.WebUiBuiltInKeywords.click(WebUiBuiltInKeywords.groovy:616)
	at com.kms.katalon.core.webui.keyword.WebUiBuiltInKeywords$click$3.call(Unknown Source)
	at email.run(email:34)
	at com.kms.katalon.core.main.ScriptEngine.run(ScriptEngine.java:194)
	at com.kms.katalon.core.main.ScriptEngine.runScriptAsRawText(ScriptEngine.java:119)
	at com.kms.katalon.core.main.TestCaseExecutor.runScript(TestCaseExecutor.java:337)
	at com.kms.katalon.core.main.TestCaseExecutor.doExecute(TestCaseExecutor.java:328)
	at com.kms.katalon.core.main.TestCaseExecutor.processExecutionPhase(TestCaseExecutor.java:307)
	at com.kms.katalon.core.main.TestCaseExecutor.accessMainPhase(TestCaseExecutor.java:299)
	at com.kms.katalon.core.main.TestCaseExecutor.execute(TestCaseExecutor.java:233)
	at com.kms.katalon.core.main.TestSuiteExecutor.accessTestCaseMainPhase(TestSuiteExecutor.java:169)
	at com.kms.katalon.core.main.TestSuiteExecutor.accessTestSuiteMainPhase(TestSuiteExecutor.java:142)
	at com.kms.katalon.core.main.TestSuiteExecutor.execute(TestSuiteExecutor.java:91)
	at com.kms.katalon.core.main.TestCaseMain.startTestSuite(TestCaseMain.java:157)
	at com.kms.katalon.core.main.TestCaseMain$startTestSuite$0.call(Unknown Source)
	at TempTestSuite1591349893024.run(TempTestSuite1591349893024.groovy:37)
Caused by: java.lang.IllegalArgumentException: Object is null
	at com.kms.katalon.core.helper.KeywordHelper.checkTestObjectParameter(KeywordHelper.java:33)
	at com.kms.katalon.core.webui.keyword.builtin.ClickKeyword$_click_closure1.doCall(ClickKeyword.groovy:65)
	at com.kms.katalon.core.webui.keyword.builtin.ClickKeyword$_click_closure1.call(ClickKeyword.groovy)
	at com.kms.katalon.core.webui.keyword.internal.WebUIKeywordMain.runKeyword(WebUIKeywordMain.groovy:20)
	... 19 more


2020-06-05 16:39:40 - [TEST_STEP][PASSED] - openBrowser(""): Browser is opened with url: ''

2020-06-05 16:39:40 - [MESSAGE][INFO] - Starting 'Chrome' driver

2020-06-05 16:39:40 - [MESSAGE][INFO] - Action delay is set to 0 milliseconds

2020-06-05 16:39:41 - [MESSAGE][PASSED] - Browser is opened with url: ''

2020-06-05 16:39:41 - [TEST_STEP][PASSED] - navigateToUrl("https://mattermost-aut.herokuapp.com/login"): Navigate to 'https://mattermost-aut.herokuapp.com/login' successfully

2020-06-05 16:39:50 - [MESSAGE][PASSED] - Navigate to 'https://mattermost-aut.herokuapp.com/login' successfully

2020-06-05 16:39:50 - [TEST_STEP][PASSED] - setText(findTestObject("Data Driven/nickname/Page_Mattermost/input_All team communication in one place searchable and accessible anywhere_loginId"), "phong1998"): Text 'phong1998' is set on object 'Object Repository/Data Driven/nickname/Page_Mattermost/input_All team communication in one place searchable and accessible anywhere_loginId'

2020-06-05 16:39:54 - [MESSAGE][PASSED] - Text 'phong1998' is set on object 'Object Repository/Data Driven/nickname/Page_Mattermost/input_All team communication in one place searchable and accessible anywhere_loginId'

2020-06-05 16:39:54 - [TEST_STEP][PASSED] - setEncryptedText(findTestObject("Data Driven/nickname/Page_Mattermost/input_All team communication in one place searchable and accessible anywhere_password"), "X6RAMBNCYDQ8H8PMJNlsmQ=="): Text ****** has been set on object 'Object Repository/Data Driven/nickname/Page_Mattermost/input_All team communication in one place searchable and accessible anywhere_password'

2020-06-05 16:39:55 - [MESSAGE][PASSED] - Text ****** has been set on object 'Object Repository/Data Driven/nickname/Page_Mattermost/input_All team communication in one place searchable and accessible anywhere_password'

2020-06-05 16:39:55 - [TEST_STEP][PASSED] - click(findTestObject("Data Driven/nickname/Page_Mattermost/span_Sign in")): Object: 'Object Repository/Data Driven/nickname/Page_Mattermost/span_Sign in' is clicked on

2020-06-05 16:39:55 - [MESSAGE][PASSED] - Object: 'Object Repository/Data Driven/nickname/Page_Mattermost/span_Sign in' is clicked on

2020-06-05 16:39:55 - [TEST_STEP][PASSED] - click(findTestObject("Data Driven/position/Page_Town Square - team1612499 Mattermost/span")): Object: 'Object Repository/Data Driven/position/Page_Town Square - team1612499 Mattermost/span' is clicked on

2020-06-05 16:39:58 - [MESSAGE][PASSED] - Object: 'Object Repository/Data Driven/position/Page_Town Square - team1612499 Mattermost/span' is clicked on

2020-06-05 16:39:58 - [TEST_STEP][FAILED] - click(findTestObject("Page_Town Square - team1612499 Mattermost/span_Account Settings")): Unable to click on object (Root cause: com.kms.katalon.core.exception.StepFailedException: Unable to click on object
	at com.kms.katalon.core.webui.keyword.internal.WebUIKeywordMain.stepFailed(WebUIKeywordMain.groovy:64)
	at com.kms.katalon.core.webui.keyword.internal.WebUIKeywordMain.runKeyword(WebUIKeywordMain.groovy:26)
	at com.kms.katalon.core.webui.keyword.builtin.ClickKeyword.click(ClickKeyword.groovy:76)
	at com.kms.katalon.core.webui.keyword.builtin.ClickKeyword.execute(ClickKeyword.groovy:43)
	at com.kms.katalon.core.keyword.internal.KeywordExecutor.executeKeywordForPlatform(KeywordExecutor.groovy:72)
	at com.kms.katalon.core.webui.keyword.WebUiBuiltInKeywords.click(WebUiBuiltInKeywords.groovy:616)
	at com.kms.katalon.core.webui.keyword.WebUiBuiltInKeywords$click$3.call(Unknown Source)
	at email.run(email:34)
	at com.kms.katalon.core.main.ScriptEngine.run(ScriptEngine.java:194)
	at com.kms.katalon.core.main.ScriptEngine.runScriptAsRawText(ScriptEngine.java:119)
	at com.kms.katalon.core.main.TestCaseExecutor.runScript(TestCaseExecutor.java:337)
	at com.kms.katalon.core.main.TestCaseExecutor.doExecute(TestCaseExecutor.java:328)
	at com.kms.katalon.core.main.TestCaseExecutor.processExecutionPhase(TestCaseExecutor.java:307)
	at com.kms.katalon.core.main.TestCaseExecutor.accessMainPhase(TestCaseExecutor.java:299)
	at com.kms.katalon.core.main.TestCaseExecutor.execute(TestCaseExecutor.java:233)
	at com.kms.katalon.core.main.TestSuiteExecutor.accessTestCaseMainPhase(TestSuiteExecutor.java:169)
	at com.kms.katalon.core.main.TestSuiteExecutor.accessTestSuiteMainPhase(TestSuiteExecutor.java:142)
	at com.kms.katalon.core.main.TestSuiteExecutor.execute(TestSuiteExecutor.java:91)
	at com.kms.katalon.core.main.TestCaseMain.startTestSuite(TestCaseMain.java:157)
	at com.kms.katalon.core.main.TestCaseMain$startTestSuite$0.call(Unknown Source)
	at TempTestSuite1591349893024.run(TempTestSuite1591349893024.groovy:37)
Caused by: java.lang.IllegalArgumentException: Object is null
	at com.kms.katalon.core.helper.KeywordHelper.checkTestObjectParameter(KeywordHelper.java:33)
	at com.kms.katalon.core.webui.keyword.builtin.ClickKeyword$_click_closure1.doCall(ClickKeyword.groovy:65)
	at com.kms.katalon.core.webui.keyword.builtin.ClickKeyword$_click_closure1.call(ClickKeyword.groovy)
	at com.kms.katalon.core.webui.keyword.internal.WebUIKeywordMain.runKeyword(WebUIKeywordMain.groovy:20)
	at com.kms.katalon.core.webui.keyword.builtin.ClickKeyword.click(ClickKeyword.groovy:76)
	at com.kms.katalon.core.webui.keyword.builtin.ClickKeyword.execute(ClickKeyword.groovy:43)
	at com.kms.katalon.core.keyword.internal.KeywordExecutor.executeKeywordForPlatform(KeywordExecutor.groovy:72)
	at com.kms.katalon.core.webui.keyword.WebUiBuiltInKeywords.click(WebUiBuiltInKeywords.groovy:616)
	at com.kms.katalon.core.webui.keyword.WebUiBuiltInKeywords$click$3.call(Unknown Source)
	at Script1591296506249.run(Script1591296506249.groovy:34)
	... 13 more
)

2020-06-05 16:39:58 - [MESSAGE][WARNING] - Test object with id 'Object Repository/Page_Town Square - team1612499 Mattermost/span_Account Settings' does not exist

2020-06-05 16:39:58 - [MESSAGE][WARNING] - Test object with id 'Object Repository/' does not exist

2020-06-05 16:39:58 - [MESSAGE][FAILED] - Unable to click on object (Root cause: com.kms.katalon.core.exception.StepFailedException: Unable to click on object
	at com.kms.katalon.core.webui.keyword.internal.WebUIKeywordMain.stepFailed(WebUIKeywordMain.groovy:64)
	at com.kms.katalon.core.webui.keyword.internal.WebUIKeywordMain.runKeyword(WebUIKeywordMain.groovy:26)
	at com.kms.katalon.core.webui.keyword.builtin.ClickKeyword.click(ClickKeyword.groovy:76)
	at com.kms.katalon.core.webui.keyword.builtin.ClickKeyword.execute(ClickKeyword.groovy:43)
	at com.kms.katalon.core.keyword.internal.KeywordExecutor.executeKeywordForPlatform(KeywordExecutor.groovy:72)
	at com.kms.katalon.core.webui.keyword.WebUiBuiltInKeywords.click(WebUiBuiltInKeywords.groovy:616)
	at com.kms.katalon.core.webui.keyword.WebUiBuiltInKeywords$click$3.call(Unknown Source)
	at email.run(email:34)
	at com.kms.katalon.core.main.ScriptEngine.run(ScriptEngine.java:194)
	at com.kms.katalon.core.main.ScriptEngine.runScriptAsRawText(ScriptEngine.java:119)
	at com.kms.katalon.core.main.TestCaseExecutor.runScript(TestCaseExecutor.java:337)
	at com.kms.katalon.core.main.TestCaseExecutor.doExecute(TestCaseExecutor.java:328)
	at com.kms.katalon.core.main.TestCaseExecutor.processExecutionPhase(TestCaseExecutor.java:307)
	at com.kms.katalon.core.main.TestCaseExecutor.accessMainPhase(TestCaseExecutor.java:299)
	at com.kms.katalon.core.main.TestCaseExecutor.execute(TestCaseExecutor.java:233)
	at com.kms.katalon.core.main.TestSuiteExecutor.accessTestCaseMainPhase(TestSuiteExecutor.java:169)
	at com.kms.katalon.core.main.TestSuiteExecutor.accessTestSuiteMainPhase(TestSuiteExecutor.java:142)
	at com.kms.katalon.core.main.TestSuiteExecutor.execute(TestSuiteExecutor.java:91)
	at com.kms.katalon.core.main.TestCaseMain.startTestSuite(TestCaseMain.java:157)
	at com.kms.katalon.core.main.TestCaseMain$startTestSuite$0.call(Unknown Source)
	at TempTestSuite1591349893024.run(TempTestSuite1591349893024.groovy:37)
Caused by: java.lang.IllegalArgumentException: Object is null
	at com.kms.katalon.core.helper.KeywordHelper.checkTestObjectParameter(KeywordHelper.java:33)
	at com.kms.katalon.core.webui.keyword.builtin.ClickKeyword$_click_closure1.doCall(ClickKeyword.groovy:65)
	at com.kms.katalon.core.webui.keyword.builtin.ClickKeyword$_click_closure1.call(ClickKeyword.groovy)
	at com.kms.katalon.core.webui.keyword.internal.WebUIKeywordMain.runKeyword(WebUIKeywordMain.groovy:20)
	at com.kms.katalon.core.webui.keyword.builtin.ClickKeyword.click(ClickKeyword.groovy:76)
	at com.kms.katalon.core.webui.keyword.builtin.ClickKeyword.execute(ClickKeyword.groovy:43)
	at com.kms.katalon.core.keyword.internal.KeywordExecutor.executeKeywordForPlatform(KeywordExecutor.groovy:72)
	at com.kms.katalon.core.webui.keyword.WebUiBuiltInKeywords.click(WebUiBuiltInKeywords.groovy:616)
	at com.kms.katalon.core.webui.keyword.WebUiBuiltInKeywords$click$3.call(Unknown Source)
	at Script1591296506249.run(Script1591296506249.groovy:34)
	... 13 more
)
[[ATTACHMENT|/home/phat/Downloads/katalon/mattermost-webapp/Reports/20200605_163813/Run all test cases/20200605_163813/1591349998672.png]]]]></system-out>
         <system-err><![CDATA[2020-06-05 16:39:40 - [TEST_CASE][FAILED] - Test Cases/internal data test case/email: Test Cases/internal data test case/email FAILED.
Reason:
com.kms.katalon.core.exception.StepFailedException: Unable to click on object
	at com.kms.katalon.core.webui.keyword.internal.WebUIKeywordMain.stepFailed(WebUIKeywordMain.groovy:64)
	at com.kms.katalon.core.webui.keyword.internal.WebUIKeywordMain.runKeyword(WebUIKeywordMain.groovy:26)
	at com.kms.katalon.core.webui.keyword.builtin.ClickKeyword.click(ClickKeyword.groovy:76)
	at com.kms.katalon.core.webui.keyword.builtin.ClickKeyword.execute(ClickKeyword.groovy:43)
	at com.kms.katalon.core.keyword.internal.KeywordExecutor.executeKeywordForPlatform(KeywordExecutor.groovy:72)
	at com.kms.katalon.core.webui.keyword.WebUiBuiltInKeywords.click(WebUiBuiltInKeywords.groovy:616)
	at com.kms.katalon.core.webui.keyword.WebUiBuiltInKeywords$click$3.call(Unknown Source)
	at email.run(email:34)
	at com.kms.katalon.core.main.ScriptEngine.run(ScriptEngine.java:194)
	at com.kms.katalon.core.main.ScriptEngine.runScriptAsRawText(ScriptEngine.java:119)
	at com.kms.katalon.core.main.TestCaseExecutor.runScript(TestCaseExecutor.java:337)
	at com.kms.katalon.core.main.TestCaseExecutor.doExecute(TestCaseExecutor.java:328)
	at com.kms.katalon.core.main.TestCaseExecutor.processExecutionPhase(TestCaseExecutor.java:307)
	at com.kms.katalon.core.main.TestCaseExecutor.accessMainPhase(TestCaseExecutor.java:299)
	at com.kms.katalon.core.main.TestCaseExecutor.execute(TestCaseExecutor.java:233)
	at com.kms.katalon.core.main.TestSuiteExecutor.accessTestCaseMainPhase(TestSuiteExecutor.java:169)
	at com.kms.katalon.core.main.TestSuiteExecutor.accessTestSuiteMainPhase(TestSuiteExecutor.java:142)
	at com.kms.katalon.core.main.TestSuiteExecutor.execute(TestSuiteExecutor.java:91)
	at com.kms.katalon.core.main.TestCaseMain.startTestSuite(TestCaseMain.java:157)
	at com.kms.katalon.core.main.TestCaseMain$startTestSuite$0.call(Unknown Source)
	at TempTestSuite1591349893024.run(TempTestSuite1591349893024.groovy:37)
Caused by: java.lang.IllegalArgumentException: Object is null
	at com.kms.katalon.core.helper.KeywordHelper.checkTestObjectParameter(KeywordHelper.java:33)
	at com.kms.katalon.core.webui.keyword.builtin.ClickKeyword$_click_closure1.doCall(ClickKeyword.groovy:65)
	at com.kms.katalon.core.webui.keyword.builtin.ClickKeyword$_click_closure1.call(ClickKeyword.groovy)
	at com.kms.katalon.core.webui.keyword.internal.WebUIKeywordMain.runKeyword(WebUIKeywordMain.groovy:20)
	... 19 more]]></system-err>
      </testcase>
      <testcase name="Test Cases/internal data test case/word-trigger" time="12.524" classname="Test Cases/internal data test case/word-trigger" status="FAILED">
         <failure type="FAILED" message="Test Cases/internal data test case/word-trigger FAILED.
Reason:
com.kms.katalon.core.exception.StepFailedException: Unable to click on object
	at com.kms.katalon.core.webui.keyword.internal.WebUIKeywordMain.stepFailed(WebUIKeywordMain.groovy:64)
	at com.kms.katalon.core.webui.keyword.internal.WebUIKeywordMain.runKeyword(WebUIKeywordMain.groovy:26)
	at com.kms.katalon.core.webui.keyword.builtin.ClickKeyword.click(ClickKeyword.groovy:76)
	at com.kms.katalon.core.webui.keyword.builtin.ClickKeyword.execute(ClickKeyword.groovy:43)
	at com.kms.katalon.core.keyword.internal.KeywordExecutor.executeKeywordForPlatform(KeywordExecutor.groovy:72)
	at com.kms.katalon.core.webui.keyword.WebUiBuiltInKeywords.click(WebUiBuiltInKeywords.groovy:616)
	at com.kms.katalon.core.webui.keyword.WebUiBuiltInKeywords$click$3.call(Unknown Source)
	at word-trigger.run(word-trigger:34)
	at com.kms.katalon.core.main.ScriptEngine.run(ScriptEngine.java:194)
	at com.kms.katalon.core.main.ScriptEngine.runScriptAsRawText(ScriptEngine.java:119)
	at com.kms.katalon.core.main.TestCaseExecutor.runScript(TestCaseExecutor.java:337)
	at com.kms.katalon.core.main.TestCaseExecutor.doExecute(TestCaseExecutor.java:328)
	at com.kms.katalon.core.main.TestCaseExecutor.processExecutionPhase(TestCaseExecutor.java:307)
	at com.kms.katalon.core.main.TestCaseExecutor.accessMainPhase(TestCaseExecutor.java:299)
	at com.kms.katalon.core.main.TestCaseExecutor.execute(TestCaseExecutor.java:233)
	at com.kms.katalon.core.main.TestSuiteExecutor.accessTestCaseMainPhase(TestSuiteExecutor.java:169)
	at com.kms.katalon.core.main.TestSuiteExecutor.accessTestSuiteMainPhase(TestSuiteExecutor.java:142)
	at com.kms.katalon.core.main.TestSuiteExecutor.execute(TestSuiteExecutor.java:91)
	at com.kms.katalon.core.main.TestCaseMain.startTestSuite(TestCaseMain.java:157)
	at com.kms.katalon.core.main.TestCaseMain$startTestSuite$0.call(Unknown Source)
	at TempTestSuite1591349893024.run(TempTestSuite1591349893024.groovy:37)
Caused by: java.lang.IllegalArgumentException: Object is null
	at com.kms.katalon.core.helper.KeywordHelper.checkTestObjectParameter(KeywordHelper.java:33)
	at com.kms.katalon.core.webui.keyword.builtin.ClickKeyword$_click_closure1.doCall(ClickKeyword.groovy:65)
	at com.kms.katalon.core.webui.keyword.builtin.ClickKeyword$_click_closure1.call(ClickKeyword.groovy)
	at com.kms.katalon.core.webui.keyword.internal.WebUIKeywordMain.runKeyword(WebUIKeywordMain.groovy:20)
	... 19 more
"/>
         <system-out><![CDATA[2020-06-05 16:39:58 - [TEST_CASE][FAILED] - Test Cases/internal data test case/word-trigger: Test Cases/internal data test case/word-trigger FAILED.
Reason:
com.kms.katalon.core.exception.StepFailedException: Unable to click on object
	at com.kms.katalon.core.webui.keyword.internal.WebUIKeywordMain.stepFailed(WebUIKeywordMain.groovy:64)
	at com.kms.katalon.core.webui.keyword.internal.WebUIKeywordMain.runKeyword(WebUIKeywordMain.groovy:26)
	at com.kms.katalon.core.webui.keyword.builtin.ClickKeyword.click(ClickKeyword.groovy:76)
	at com.kms.katalon.core.webui.keyword.builtin.ClickKeyword.execute(ClickKeyword.groovy:43)
	at com.kms.katalon.core.keyword.internal.KeywordExecutor.executeKeywordForPlatform(KeywordExecutor.groovy:72)
	at com.kms.katalon.core.webui.keyword.WebUiBuiltInKeywords.click(WebUiBuiltInKeywords.groovy:616)
	at com.kms.katalon.core.webui.keyword.WebUiBuiltInKeywords$click$3.call(Unknown Source)
	at word-trigger.run(word-trigger:34)
	at com.kms.katalon.core.main.ScriptEngine.run(ScriptEngine.java:194)
	at com.kms.katalon.core.main.ScriptEngine.runScriptAsRawText(ScriptEngine.java:119)
	at com.kms.katalon.core.main.TestCaseExecutor.runScript(TestCaseExecutor.java:337)
	at com.kms.katalon.core.main.TestCaseExecutor.doExecute(TestCaseExecutor.java:328)
	at com.kms.katalon.core.main.TestCaseExecutor.processExecutionPhase(TestCaseExecutor.java:307)
	at com.kms.katalon.core.main.TestCaseExecutor.accessMainPhase(TestCaseExecutor.java:299)
	at com.kms.katalon.core.main.TestCaseExecutor.execute(TestCaseExecutor.java:233)
	at com.kms.katalon.core.main.TestSuiteExecutor.accessTestCaseMainPhase(TestSuiteExecutor.java:169)
	at com.kms.katalon.core.main.TestSuiteExecutor.accessTestSuiteMainPhase(TestSuiteExecutor.java:142)
	at com.kms.katalon.core.main.TestSuiteExecutor.execute(TestSuiteExecutor.java:91)
	at com.kms.katalon.core.main.TestCaseMain.startTestSuite(TestCaseMain.java:157)
	at com.kms.katalon.core.main.TestCaseMain$startTestSuite$0.call(Unknown Source)
	at TempTestSuite1591349893024.run(TempTestSuite1591349893024.groovy:37)
Caused by: java.lang.IllegalArgumentException: Object is null
	at com.kms.katalon.core.helper.KeywordHelper.checkTestObjectParameter(KeywordHelper.java:33)
	at com.kms.katalon.core.webui.keyword.builtin.ClickKeyword$_click_closure1.doCall(ClickKeyword.groovy:65)
	at com.kms.katalon.core.webui.keyword.builtin.ClickKeyword$_click_closure1.call(ClickKeyword.groovy)
	at com.kms.katalon.core.webui.keyword.internal.WebUIKeywordMain.runKeyword(WebUIKeywordMain.groovy:20)
	... 19 more


2020-06-05 16:39:59 - [TEST_STEP][PASSED] - openBrowser(""): Browser is opened with url: ''

2020-06-05 16:39:59 - [MESSAGE][WARNING] - A browser is already opened. Closing browser and opening a new one

2020-06-05 16:39:59 - [MESSAGE][INFO] - Starting 'Chrome' driver

2020-06-05 16:39:59 - [MESSAGE][INFO] - Action delay is set to 0 milliseconds

2020-06-05 16:39:59 - [MESSAGE][PASSED] - Browser is opened with url: ''

2020-06-05 16:39:59 - [TEST_STEP][PASSED] - navigateToUrl("https://mattermost-aut.herokuapp.com/login"): Navigate to 'https://mattermost-aut.herokuapp.com/login' successfully

2020-06-05 16:40:02 - [MESSAGE][PASSED] - Navigate to 'https://mattermost-aut.herokuapp.com/login' successfully

2020-06-05 16:40:02 - [TEST_STEP][PASSED] - setText(findTestObject("Data Driven/login/Page_Mattermost/input_All team communication in one place searchable and accessible anywhere_loginId"), "phong1998"): Text 'phong1998' is set on object 'Object Repository/Data Driven/login/Page_Mattermost/input_All team communication in one place searchable and accessible anywhere_loginId'

2020-06-05 16:40:07 - [MESSAGE][PASSED] - Text 'phong1998' is set on object 'Object Repository/Data Driven/login/Page_Mattermost/input_All team communication in one place searchable and accessible anywhere_loginId'

2020-06-05 16:40:07 - [TEST_STEP][PASSED] - setEncryptedText(findTestObject("Data Driven/login/Page_Mattermost/input_All team communication in one place searchable and accessible anywhere_password"), "X6RAMBNCYDQ8H8PMJNlsmQ=="): Text ****** has been set on object 'Object Repository/Data Driven/login/Page_Mattermost/input_All team communication in one place searchable and accessible anywhere_password'

2020-06-05 16:40:07 - [MESSAGE][PASSED] - Text ****** has been set on object 'Object Repository/Data Driven/login/Page_Mattermost/input_All team communication in one place searchable and accessible anywhere_password'

2020-06-05 16:40:07 - [TEST_STEP][PASSED] - click(findTestObject("Data Driven/direct-message/Page_Mattermost/button_Sign in")): Object: 'Object Repository/Data Driven/direct-message/Page_Mattermost/button_Sign in' is clicked on

2020-06-05 16:40:08 - [MESSAGE][PASSED] - Object: 'Object Repository/Data Driven/direct-message/Page_Mattermost/button_Sign in' is clicked on

2020-06-05 16:40:08 - [TEST_STEP][PASSED] - click(findTestObject("Data Driven/password/Page_Town Square - team1612499 Mattermost/button_phong1998_style--none sidebar-header_cd5638")): Object: 'Object Repository/Data Driven/password/Page_Town Square - team1612499 Mattermost/button_phong1998_style--none sidebar-header_cd5638' is clicked on

2020-06-05 16:40:11 - [MESSAGE][PASSED] - Object: 'Object Repository/Data Driven/password/Page_Town Square - team1612499 Mattermost/button_phong1998_style--none sidebar-header_cd5638' is clicked on

2020-06-05 16:40:11 - [TEST_STEP][FAILED] - click(findTestObject("Page_Town Square - team1612499 Mattermost/span_Account Settings")): Unable to click on object (Root cause: com.kms.katalon.core.exception.StepFailedException: Unable to click on object
	at com.kms.katalon.core.webui.keyword.internal.WebUIKeywordMain.stepFailed(WebUIKeywordMain.groovy:64)
	at com.kms.katalon.core.webui.keyword.internal.WebUIKeywordMain.runKeyword(WebUIKeywordMain.groovy:26)
	at com.kms.katalon.core.webui.keyword.builtin.ClickKeyword.click(ClickKeyword.groovy:76)
	at com.kms.katalon.core.webui.keyword.builtin.ClickKeyword.execute(ClickKeyword.groovy:43)
	at com.kms.katalon.core.keyword.internal.KeywordExecutor.executeKeywordForPlatform(KeywordExecutor.groovy:72)
	at com.kms.katalon.core.webui.keyword.WebUiBuiltInKeywords.click(WebUiBuiltInKeywords.groovy:616)
	at com.kms.katalon.core.webui.keyword.WebUiBuiltInKeywords$click$3.call(Unknown Source)
	at word-trigger.run(word-trigger:34)
	at com.kms.katalon.core.main.ScriptEngine.run(ScriptEngine.java:194)
	at com.kms.katalon.core.main.ScriptEngine.runScriptAsRawText(ScriptEngine.java:119)
	at com.kms.katalon.core.main.TestCaseExecutor.runScript(TestCaseExecutor.java:337)
	at com.kms.katalon.core.main.TestCaseExecutor.doExecute(TestCaseExecutor.java:328)
	at com.kms.katalon.core.main.TestCaseExecutor.processExecutionPhase(TestCaseExecutor.java:307)
	at com.kms.katalon.core.main.TestCaseExecutor.accessMainPhase(TestCaseExecutor.java:299)
	at com.kms.katalon.core.main.TestCaseExecutor.execute(TestCaseExecutor.java:233)
	at com.kms.katalon.core.main.TestSuiteExecutor.accessTestCaseMainPhase(TestSuiteExecutor.java:169)
	at com.kms.katalon.core.main.TestSuiteExecutor.accessTestSuiteMainPhase(TestSuiteExecutor.java:142)
	at com.kms.katalon.core.main.TestSuiteExecutor.execute(TestSuiteExecutor.java:91)
	at com.kms.katalon.core.main.TestCaseMain.startTestSuite(TestCaseMain.java:157)
	at com.kms.katalon.core.main.TestCaseMain$startTestSuite$0.call(Unknown Source)
	at TempTestSuite1591349893024.run(TempTestSuite1591349893024.groovy:37)
Caused by: java.lang.IllegalArgumentException: Object is null
	at com.kms.katalon.core.helper.KeywordHelper.checkTestObjectParameter(KeywordHelper.java:33)
	at com.kms.katalon.core.webui.keyword.builtin.ClickKeyword$_click_closure1.doCall(ClickKeyword.groovy:65)
	at com.kms.katalon.core.webui.keyword.builtin.ClickKeyword$_click_closure1.call(ClickKeyword.groovy)
	at com.kms.katalon.core.webui.keyword.internal.WebUIKeywordMain.runKeyword(WebUIKeywordMain.groovy:20)
	at com.kms.katalon.core.webui.keyword.builtin.ClickKeyword.click(ClickKeyword.groovy:76)
	at com.kms.katalon.core.webui.keyword.builtin.ClickKeyword.execute(ClickKeyword.groovy:43)
	at com.kms.katalon.core.keyword.internal.KeywordExecutor.executeKeywordForPlatform(KeywordExecutor.groovy:72)
	at com.kms.katalon.core.webui.keyword.WebUiBuiltInKeywords.click(WebUiBuiltInKeywords.groovy:616)
	at com.kms.katalon.core.webui.keyword.WebUiBuiltInKeywords$click$3.call(Unknown Source)
	at Script1591296532982.run(Script1591296532982.groovy:34)
	... 13 more
)

2020-06-05 16:40:11 - [MESSAGE][WARNING] - Test object with id 'Object Repository/Page_Town Square - team1612499 Mattermost/span_Account Settings' does not exist

2020-06-05 16:40:11 - [MESSAGE][WARNING] - Test object with id 'Object Repository/' does not exist

2020-06-05 16:40:11 - [MESSAGE][FAILED] - Unable to click on object (Root cause: com.kms.katalon.core.exception.StepFailedException: Unable to click on object
	at com.kms.katalon.core.webui.keyword.internal.WebUIKeywordMain.stepFailed(WebUIKeywordMain.groovy:64)
	at com.kms.katalon.core.webui.keyword.internal.WebUIKeywordMain.runKeyword(WebUIKeywordMain.groovy:26)
	at com.kms.katalon.core.webui.keyword.builtin.ClickKeyword.click(ClickKeyword.groovy:76)
	at com.kms.katalon.core.webui.keyword.builtin.ClickKeyword.execute(ClickKeyword.groovy:43)
	at com.kms.katalon.core.keyword.internal.KeywordExecutor.executeKeywordForPlatform(KeywordExecutor.groovy:72)
	at com.kms.katalon.core.webui.keyword.WebUiBuiltInKeywords.click(WebUiBuiltInKeywords.groovy:616)
	at com.kms.katalon.core.webui.keyword.WebUiBuiltInKeywords$click$3.call(Unknown Source)
	at word-trigger.run(word-trigger:34)
	at com.kms.katalon.core.main.ScriptEngine.run(ScriptEngine.java:194)
	at com.kms.katalon.core.main.ScriptEngine.runScriptAsRawText(ScriptEngine.java:119)
	at com.kms.katalon.core.main.TestCaseExecutor.runScript(TestCaseExecutor.java:337)
	at com.kms.katalon.core.main.TestCaseExecutor.doExecute(TestCaseExecutor.java:328)
	at com.kms.katalon.core.main.TestCaseExecutor.processExecutionPhase(TestCaseExecutor.java:307)
	at com.kms.katalon.core.main.TestCaseExecutor.accessMainPhase(TestCaseExecutor.java:299)
	at com.kms.katalon.core.main.TestCaseExecutor.execute(TestCaseExecutor.java:233)
	at com.kms.katalon.core.main.TestSuiteExecutor.accessTestCaseMainPhase(TestSuiteExecutor.java:169)
	at com.kms.katalon.core.main.TestSuiteExecutor.accessTestSuiteMainPhase(TestSuiteExecutor.java:142)
	at com.kms.katalon.core.main.TestSuiteExecutor.execute(TestSuiteExecutor.java:91)
	at com.kms.katalon.core.main.TestCaseMain.startTestSuite(TestCaseMain.java:157)
	at com.kms.katalon.core.main.TestCaseMain$startTestSuite$0.call(Unknown Source)
	at TempTestSuite1591349893024.run(TempTestSuite1591349893024.groovy:37)
Caused by: java.lang.IllegalArgumentException: Object is null
	at com.kms.katalon.core.helper.KeywordHelper.checkTestObjectParameter(KeywordHelper.java:33)
	at com.kms.katalon.core.webui.keyword.builtin.ClickKeyword$_click_closure1.doCall(ClickKeyword.groovy:65)
	at com.kms.katalon.core.webui.keyword.builtin.ClickKeyword$_click_closure1.call(ClickKeyword.groovy)
	at com.kms.katalon.core.webui.keyword.internal.WebUIKeywordMain.runKeyword(WebUIKeywordMain.groovy:20)
	at com.kms.katalon.core.webui.keyword.builtin.ClickKeyword.click(ClickKeyword.groovy:76)
	at com.kms.katalon.core.webui.keyword.builtin.ClickKeyword.execute(ClickKeyword.groovy:43)
	at com.kms.katalon.core.keyword.internal.KeywordExecutor.executeKeywordForPlatform(KeywordExecutor.groovy:72)
	at com.kms.katalon.core.webui.keyword.WebUiBuiltInKeywords.click(WebUiBuiltInKeywords.groovy:616)
	at com.kms.katalon.core.webui.keyword.WebUiBuiltInKeywords$click$3.call(Unknown Source)
	at Script1591296532982.run(Script1591296532982.groovy:34)
	... 13 more
)
[[ATTACHMENT|/home/phat/Downloads/katalon/mattermost-webapp/Reports/20200605_163813/Run all test cases/20200605_163813/1591350011179.png]]]]></system-out>
         <system-err><![CDATA[2020-06-05 16:39:58 - [TEST_CASE][FAILED] - Test Cases/internal data test case/word-trigger: Test Cases/internal data test case/word-trigger FAILED.
Reason:
com.kms.katalon.core.exception.StepFailedException: Unable to click on object
	at com.kms.katalon.core.webui.keyword.internal.WebUIKeywordMain.stepFailed(WebUIKeywordMain.groovy:64)
	at com.kms.katalon.core.webui.keyword.internal.WebUIKeywordMain.runKeyword(WebUIKeywordMain.groovy:26)
	at com.kms.katalon.core.webui.keyword.builtin.ClickKeyword.click(ClickKeyword.groovy:76)
	at com.kms.katalon.core.webui.keyword.builtin.ClickKeyword.execute(ClickKeyword.groovy:43)
	at com.kms.katalon.core.keyword.internal.KeywordExecutor.executeKeywordForPlatform(KeywordExecutor.groovy:72)
	at com.kms.katalon.core.webui.keyword.WebUiBuiltInKeywords.click(WebUiBuiltInKeywords.groovy:616)
	at com.kms.katalon.core.webui.keyword.WebUiBuiltInKeywords$click$3.call(Unknown Source)
	at word-trigger.run(word-trigger:34)
	at com.kms.katalon.core.main.ScriptEngine.run(ScriptEngine.java:194)
	at com.kms.katalon.core.main.ScriptEngine.runScriptAsRawText(ScriptEngine.java:119)
	at com.kms.katalon.core.main.TestCaseExecutor.runScript(TestCaseExecutor.java:337)
	at com.kms.katalon.core.main.TestCaseExecutor.doExecute(TestCaseExecutor.java:328)
	at com.kms.katalon.core.main.TestCaseExecutor.processExecutionPhase(TestCaseExecutor.java:307)
	at com.kms.katalon.core.main.TestCaseExecutor.accessMainPhase(TestCaseExecutor.java:299)
	at com.kms.katalon.core.main.TestCaseExecutor.execute(TestCaseExecutor.java:233)
	at com.kms.katalon.core.main.TestSuiteExecutor.accessTestCaseMainPhase(TestSuiteExecutor.java:169)
	at com.kms.katalon.core.main.TestSuiteExecutor.accessTestSuiteMainPhase(TestSuiteExecutor.java:142)
	at com.kms.katalon.core.main.TestSuiteExecutor.execute(TestSuiteExecutor.java:91)
	at com.kms.katalon.core.main.TestCaseMain.startTestSuite(TestCaseMain.java:157)
	at com.kms.katalon.core.main.TestCaseMain$startTestSuite$0.call(Unknown Source)
	at TempTestSuite1591349893024.run(TempTestSuite1591349893024.groovy:37)
Caused by: java.lang.IllegalArgumentException: Object is null
	at com.kms.katalon.core.helper.KeywordHelper.checkTestObjectParameter(KeywordHelper.java:33)
	at com.kms.katalon.core.webui.keyword.builtin.ClickKeyword$_click_closure1.doCall(ClickKeyword.groovy:65)
	at com.kms.katalon.core.webui.keyword.builtin.ClickKeyword$_click_closure1.call(ClickKeyword.groovy)
	at com.kms.katalon.core.webui.keyword.internal.WebUIKeywordMain.runKeyword(WebUIKeywordMain.groovy:20)
	... 19 more]]></system-err>
      </testcase>
      <testcase name="Test Cases/internal data test case/private-channel" time="13.754" classname="Test Cases/internal data test case/private-channel" status="PASSED">
         <system-out><![CDATA[2020-06-05 16:40:11 - [TEST_CASE][PASSED] - Test Cases/internal data test case/private-channel: Test Cases/internal data test case/private-channel

2020-06-05 16:40:11 - [TEST_STEP][PASSED] - openBrowser(""): Browser is opened with url: ''

2020-06-05 16:40:11 - [MESSAGE][WARNING] - A browser is already opened. Closing browser and opening a new one

2020-06-05 16:40:11 - [MESSAGE][INFO] - Starting 'Chrome' driver

2020-06-05 16:40:11 - [MESSAGE][INFO] - Action delay is set to 0 milliseconds

2020-06-05 16:40:12 - [MESSAGE][PASSED] - Browser is opened with url: ''

2020-06-05 16:40:12 - [TEST_STEP][PASSED] - navigateToUrl("https://mattermost-aut.herokuapp.com/login"): Navigate to 'https://mattermost-aut.herokuapp.com/login' successfully

2020-06-05 16:40:14 - [MESSAGE][PASSED] - Navigate to 'https://mattermost-aut.herokuapp.com/login' successfully

2020-06-05 16:40:14 - [TEST_STEP][PASSED] - setText(findTestObject("Data Driven/login/Page_Mattermost/input_All team communication in one place searchable and accessible anywhere_loginId"), "phong1998"): Text 'phong1998' is set on object 'Object Repository/Data Driven/login/Page_Mattermost/input_All team communication in one place searchable and accessible anywhere_loginId'

2020-06-05 16:40:18 - [MESSAGE][PASSED] - Text 'phong1998' is set on object 'Object Repository/Data Driven/login/Page_Mattermost/input_All team communication in one place searchable and accessible anywhere_loginId'

2020-06-05 16:40:18 - [TEST_STEP][PASSED] - setEncryptedText(findTestObject("Data Driven/login/Page_Mattermost/input_All team communication in one place searchable and accessible anywhere_password"), "X6RAMBNCYDQ8H8PMJNlsmQ=="): Text ****** has been set on object 'Object Repository/Data Driven/login/Page_Mattermost/input_All team communication in one place searchable and accessible anywhere_password'

2020-06-05 16:40:19 - [MESSAGE][PASSED] - Text ****** has been set on object 'Object Repository/Data Driven/login/Page_Mattermost/input_All team communication in one place searchable and accessible anywhere_password'

2020-06-05 16:40:19 - [TEST_STEP][PASSED] - click(findTestObject("Data Driven/login/Page_Mattermost/button_Sign in")): Object: 'Object Repository/Data Driven/login/Page_Mattermost/button_Sign in' is clicked on

2020-06-05 16:40:19 - [MESSAGE][PASSED] - Object: 'Object Repository/Data Driven/login/Page_Mattermost/button_Sign in' is clicked on

2020-06-05 16:40:19 - [TEST_STEP][PASSED] - click(findTestObject("Data Driven/private-channel/Page_Town Square - team1612499 Mattermost/span_")): Object: 'Object Repository/Data Driven/private-channel/Page_Town Square - team1612499 Mattermost/span_' is clicked on

2020-06-05 16:40:22 - [MESSAGE][PASSED] - Object: 'Object Repository/Data Driven/private-channel/Page_Town Square - team1612499 Mattermost/span_' is clicked on

2020-06-05 16:40:22 - [TEST_STEP][PASSED] - setText(findTestObject("Data Driven/private-channel/Page_Town Square - team1612499 Mattermost/input_Name_newChannelName"), name): Text '' is set on object 'Object Repository/Data Driven/private-channel/Page_Town Square - team1612499 Mattermost/input_Name_newChannelName'

2020-06-05 16:40:23 - [MESSAGE][PASSED] - Text '' is set on object 'Object Repository/Data Driven/private-channel/Page_Town Square - team1612499 Mattermost/input_Name_newChannelName'

2020-06-05 16:40:23 - [TEST_STEP][PASSED] - setText(findTestObject("Data Driven/private-channel/Page_Town Square - team1612499 Mattermost/textarea_(optional)_newChannelPurpose"), purpose): Text '' is set on object 'Object Repository/Data Driven/private-channel/Page_Town Square - team1612499 Mattermost/textarea_(optional)_newChannelPurpose'

2020-06-05 16:40:24 - [MESSAGE][PASSED] - Text '' is set on object 'Object Repository/Data Driven/private-channel/Page_Town Square - team1612499 Mattermost/textarea_(optional)_newChannelPurpose'

2020-06-05 16:40:24 - [TEST_STEP][PASSED] - setText(findTestObject("Data Driven/private-channel/Page_Town Square - team1612499 Mattermost/textarea_(optional)_newChannelHeader"), header): Text '' is set on object 'Object Repository/Data Driven/private-channel/Page_Town Square - team1612499 Mattermost/textarea_(optional)_newChannelHeader'

2020-06-05 16:40:24 - [MESSAGE][PASSED] - Text '' is set on object 'Object Repository/Data Driven/private-channel/Page_Town Square - team1612499 Mattermost/textarea_(optional)_newChannelHeader'

2020-06-05 16:40:24 - [TEST_STEP][PASSED] - click(findTestObject("Data Driven/private-channel/Page_Town Square - team1612499 Mattermost/span_Create Channel")): Object: 'Object Repository/Data Driven/private-channel/Page_Town Square - team1612499 Mattermost/span_Create Channel' is clicked on

2020-06-05 16:40:25 - [MESSAGE][PASSED] - Object: 'Object Repository/Data Driven/private-channel/Page_Town Square - team1612499 Mattermost/span_Create Channel' is clicked on

2020-06-05 16:40:25 - [TEST_STEP][PASSED] - closeBrowser(): Browser is closed

2020-06-05 16:40:25 - [MESSAGE][PASSED] - Browser is closed]]></system-out>
         <system-err><![CDATA[]]></system-err>
      </testcase>
      <testcase name="Test Cases/internal data test case/emotion" time="19.351" classname="Test Cases/internal data test case/emotion" status="PASSED">
         <system-out><![CDATA[2020-06-05 16:40:25 - [TEST_CASE][PASSED] - Test Cases/internal data test case/emotion: Test Cases/internal data test case/emotion

2020-06-05 16:40:25 - [TEST_STEP][PASSED] - openBrowser(""): Browser is opened with url: ''

2020-06-05 16:40:25 - [MESSAGE][INFO] - Starting 'Chrome' driver

2020-06-05 16:40:25 - [MESSAGE][INFO] - Action delay is set to 0 milliseconds

2020-06-05 16:40:25 - [MESSAGE][PASSED] - Browser is opened with url: ''

2020-06-05 16:40:25 - [TEST_STEP][PASSED] - navigateToUrl("https://mattermost-aut.herokuapp.com/login"): Navigate to 'https://mattermost-aut.herokuapp.com/login' successfully

2020-06-05 16:40:30 - [MESSAGE][PASSED] - Navigate to 'https://mattermost-aut.herokuapp.com/login' successfully

2020-06-05 16:40:30 - [TEST_STEP][PASSED] - setText(findTestObject("Data Driven/login/Page_Mattermost/input_All team communication in one place searchable and accessible anywhere_loginId"), "phong1998"): Text 'phong1998' is set on object 'Object Repository/Data Driven/login/Page_Mattermost/input_All team communication in one place searchable and accessible anywhere_loginId'

2020-06-05 16:40:39 - [MESSAGE][PASSED] - Text 'phong1998' is set on object 'Object Repository/Data Driven/login/Page_Mattermost/input_All team communication in one place searchable and accessible anywhere_loginId'

[...]

2020-06-05 16:46:50 - [MESSAGE][PASSED] - Text 'public channel' is set on object 'Object Repository/Use switch case/Page_Town Square - My Team Mattermost/input_Type to find a channel Use  to browse_c1b80e'

2020-06-05 16:46:50 - [TEST_STEP][PASSED] - switch (ChannelName): null

2020-06-05 16:46:50 - [TEST_STEP][PASSED] - case "public channel":: Keys 'ENTER + ' sent to object: 'Object Repository/Use switch case/Page_Town Square - My Team Mattermost/input_Type to find a channel Use  to browse_c1b80e'

2020-06-05 16:46:50 - [TEST_STEP][PASSED] - sendKeys(findTestObject("Use switch case/Page_Town Square - My Team Mattermost/input_Type to find a channel Use  to browse_c1b80e"), Keys.chord(ENTER)): Keys 'ENTER + ' sent to object: 'Object Repository/Use switch case/Page_Town Square - My Team Mattermost/input_Type to find a channel Use  to browse_c1b80e'

2020-06-05 16:46:51 - [MESSAGE][PASSED] - Keys 'ENTER + ' sent to object: 'Object Repository/Use switch case/Page_Town Square - My Team Mattermost/input_Type to find a channel Use  to browse_c1b80e'

2020-06-05 16:46:51 - [TEST_STEP][PASSED] - Default: null

2020-06-05 16:46:51 - [TEST_STEP][PASSED] - break: null]]></system-out>
         <system-err><![CDATA[]]></system-err>
      </testcase>
      <testcase name="Test Cases/Switch case/Login_fail" time="3.869" classname="Test Cases/Switch case/Login_fail" status="ERROR">
         <error type="ERROR" message="Test Cases/Switch case/Login_fail FAILED.
Reason:
groovy.lang.MissingMethodException: No signature of method: java.io.PrintStream.printfln() is applicable for argument types: (java.lang.String) values: [Password Erorr .]
Possible solutions: println(java.lang.String), println(), println(), println([C), println(boolean), println(char)
	at Login_fail.run(Login_fail:35)
	at com.kms.katalon.core.main.ScriptEngine.run(ScriptEngine.java:194)
	at com.kms.katalon.core.main.ScriptEngine.runScriptAsRawText(ScriptEngine.java:119)
	at com.kms.katalon.core.main.TestCaseExecutor.runScript(TestCaseExecutor.java:337)
	at com.kms.katalon.core.main.TestCaseExecutor.doExecute(TestCaseExecutor.java:328)
	at com.kms.katalon.core.main.TestCaseExecutor.processExecutionPhase(TestCaseExecutor.java:307)
	at com.kms.katalon.core.main.TestCaseExecutor.accessMainPhase(TestCaseExecutor.java:299)
	at com.kms.katalon.core.main.TestCaseExecutor.execute(TestCaseExecutor.java:233)
	at com.kms.katalon.core.main.TestSuiteExecutor.accessTestCaseMainPhase(TestSuiteExecutor.java:169)
	at com.kms.katalon.core.main.TestSuiteExecutor.accessTestSuiteMainPhase(TestSuiteExecutor.java:142)
	at com.kms.katalon.core.main.TestSuiteExecutor.execute(TestSuiteExecutor.java:91)
	at com.kms.katalon.core.main.TestCaseMain.startTestSuite(TestCaseMain.java:157)
	at com.kms.katalon.core.main.TestCaseMain$startTestSuite$0.call(Unknown Source)
	at TempTestSuite1591349893024.run(TempTestSuite1591349893024.groovy:37)
"/>
         <system-out><![CDATA[2020-06-05 16:46:51 - [TEST_CASE][ERROR] - Test Cases/Switch case/Login_fail: Test Cases/Switch case/Login_fail FAILED.
Reason:
groovy.lang.MissingMethodException: No signature of method: java.io.PrintStream.printfln() is applicable for argument types: (java.lang.String) values: [Password Erorr .]
Possible solutions: println(java.lang.String), println(), println(), println([C), println(boolean), println(char)
	at Login_fail.run(Login_fail:35)
	at com.kms.katalon.core.main.ScriptEngine.run(ScriptEngine.java:194)
	at com.kms.katalon.core.main.ScriptEngine.runScriptAsRawText(ScriptEngine.java:119)
	at com.kms.katalon.core.main.TestCaseExecutor.runScript(TestCaseExecutor.java:337)
	at com.kms.katalon.core.main.TestCaseExecutor.doExecute(TestCaseExecutor.java:328)
	at com.kms.katalon.core.main.TestCaseExecutor.processExecutionPhase(TestCaseExecutor.java:307)
	at com.kms.katalon.core.main.TestCaseExecutor.accessMainPhase(TestCaseExecutor.java:299)
	at com.kms.katalon.core.main.TestCaseExecutor.execute(TestCaseExecutor.java:233)
	at com.kms.katalon.core.main.TestSuiteExecutor.accessTestCaseMainPhase(TestSuiteExecutor.java:169)
	at com.kms.katalon.core.main.TestSuiteExecutor.accessTestSuiteMainPhase(TestSuiteExecutor.java:142)
	at com.kms.katalon.core.main.TestSuiteExecutor.execute(TestSuiteExecutor.java:91)
	at com.kms.katalon.core.main.TestCaseMain.startTestSuite(TestCaseMain.java:157)
	at com.kms.katalon.core.main.TestCaseMain$startTestSuite$0.call(Unknown Source)
	at TempTestSuite1591349893024.run(TempTestSuite1591349893024.groovy:37)


2020-06-05 16:46:51 - [TEST_STEP][PASSED] - openBrowser(""): Browser is opened with url: ''

2020-06-05 16:46:51 - [MESSAGE][WARNING] - A browser is already opened. Closing browser and opening a new one

2020-06-05 16:46:51 - [MESSAGE][INFO] - Starting 'Chrome' driver

2020-06-05 16:46:51 - [MESSAGE][INFO] - Action delay is set to 0 milliseconds

2020-06-05 16:46:52 - [MESSAGE][PASSED] - Browser is opened with url: ''

2020-06-05 16:46:52 - [TEST_STEP][PASSED] - navigateToUrl("http://localhost:8065/"): Navigate to 'http://localhost:8065/' successfully

2020-06-05 16:46:53 - [MESSAGE][PASSED] - Navigate to 'http://localhost:8065/' successfully

2020-06-05 16:46:53 - [TEST_STEP][PASSED] - setText(findTestObject("UI/Login/Page_Mattermost/input_All team communication in one place searchable and accessible anywhere_loginId"), Email): Text 'phatvo' is set on object 'Object Repository/UI/Login/Page_Mattermost/input_All team communication in one place searchable and accessible anywhere_loginId'

2020-06-05 16:46:54 - [MESSAGE][PASSED] - Text 'phatvo' is set on object 'Object Repository/UI/Login/Page_Mattermost/input_All team communication in one place searchable and accessible anywhere_loginId'

2020-06-05 16:46:54 - [TEST_STEP][PASSED] - setText(findTestObject("UI/Login/Page_Mattermost/input_All team communication in one place searchable and accessible anywhere_password"), Password): Text 'BhfdqOBGNlJIWM1ClA==' is set on object 'Object Repository/UI/Login/Page_Mattermost/input_All team communication in one place searchable and accessible anywhere_password'

2020-06-05 16:46:55 - [MESSAGE][PASSED] - Text 'BhfdqOBGNlJIWM1ClA==' is set on object 'Object Repository/UI/Login/Page_Mattermost/input_All team communication in one place searchable and accessible anywhere_password'

2020-06-05 16:46:55 - [TEST_STEP][PASSED] - switch (Email): null

2020-06-05 16:46:55 - [TEST_STEP][PASSED] - case "phatvo":: null

2020-06-05 16:46:55 - [TEST_STEP][PASSED] - if (Password == "RigbBhfdqOBGNlJIWM1ClA=="): null

2020-06-05 16:46:55 - [TEST_STEP][PASSED] - else: null

2020-06-05 16:46:55 - [TEST_STEP][PASSED] - out.printfln("Password Erorr ."): null]]></system-out>
         <system-err><![CDATA[2020-06-05 16:46:51 - [TEST_CASE][ERROR] - Test Cases/Switch case/Login_fail: Test Cases/Switch case/Login_fail FAILED.
Reason:
groovy.lang.MissingMethodException: No signature of method: java.io.PrintStream.printfln() is applicable for argument types: (java.lang.String) values: [Password Erorr .]
Possible solutions: println(java.lang.String), println(), println(), println([C), println(boolean), println(char)
	at Login_fail.run(Login_fail:35)
	at com.kms.katalon.core.main.ScriptEngine.run(ScriptEngine.java:194)
	at com.kms.katalon.core.main.ScriptEngine.runScriptAsRawText(ScriptEngine.java:119)
	at com.kms.katalon.core.main.TestCaseExecutor.runScript(TestCaseExecutor.java:337)
	at com.kms.katalon.core.main.TestCaseExecutor.doExecute(TestCaseExecutor.java:328)
	at com.kms.katalon.core.main.TestCaseExecutor.processExecutionPhase(TestCaseExecutor.java:307)
	at com.kms.katalon.core.main.TestCaseExecutor.accessMainPhase(TestCaseExecutor.java:299)
	at com.kms.katalon.core.main.TestCaseExecutor.execute(TestCaseExecutor.java:233)
	at com.kms.katalon.core.main.TestSuiteExecutor.accessTestCaseMainPhase(TestSuiteExecutor.java:169)
	at com.kms.katalon.core.main.TestSuiteExecutor.accessTestSuiteMainPhase(TestSuiteExecutor.java:142)
	at com.kms.katalon.core.main.TestSuiteExecutor.execute(TestSuiteExecutor.java:91)
	at com.kms.katalon.core.main.TestCaseMain.startTestSuite(TestCaseMain.java:157)
	at com.kms.katalon.core.main.TestCaseMain$startTestSuite$0.call(Unknown Source)
	at TempTestSuite1591349893024.run(TempTestSuite1591349893024.groovy:37)]]></system-err>
      </testcase>
      <testcase name="Test Cases/Switch case/New_comment" time="7.354" classname="Test Cases/Switch case/New_comment" status="PASSED">
         <system-out><![CDATA[2020-06-05 16:46:55 - [TEST_CASE][PASSED] - Test Cases/Switch case/New_comment: Test Cases/Switch case/New_comment

2020-06-05 16:46:55 - [TEST_STEP][PASSED] - openBrowser(""): Browser is opened with url: ''

2020-06-05 16:46:55 - [MESSAGE][WARNING] - A browser is already opened. Closing browser and opening a new one

2020-06-05 16:46:55 - [MESSAGE][INFO] - Starting 'Chrome' driver

2020-06-05 16:46:55 - [MESSAGE][INFO] - Action delay is set to 0 milliseconds

2020-06-05 16:46:55 - [MESSAGE][PASSED] - Browser is opened with url: ''

2020-06-05 16:46:55 - [TEST_STEP][PASSED] - navigateToUrl("http://localhost:8065/"): Navigate to 'http://localhost:8065/' successfully

2020-06-05 16:46:56 - [MESSAGE][PASSED] - Navigate to 'http://localhost:8065/' successfully

2020-06-05 16:46:56 - [TEST_STEP][PASSED] - setText(findTestObject("Use switch case/Page_Mattermost/input_All team communication in one place s_703ef5"), "phatvo"): Text 'phatvo' is set on object 'Object Repository/Use switch case/Page_Mattermost/input_All team communication in one place s_703ef5'

2020-06-05 16:46:58 - [MESSAGE][PASSED] - Text 'phatvo' is set on object 'Object Repository/Use switch case/Page_Mattermost/input_All team communication in one place s_703ef5'

2020-06-05 16:46:58 - [TEST_STEP][PASSED] - setEncryptedText(findTestObject("Use switch case/Page_Mattermost/input_All team communication in one place s_2f2733"), "RigbBhfdqOBGNlJIWM1ClA=="): Text ****** has been set on object 'Object Repository/Use switch case/Page_Mattermost/input_All team communication in one place s_2f2733'

2020-06-05 16:46:58 - [MESSAGE][PASSED] - Text ****** has been set on object 'Object Repository/Use switch case/Page_Mattermost/input_All team communication in one place s_2f2733'

2020-06-05 16:46:58 - [TEST_STEP][PASSED] - sendKeys(findTestObject("Use switch case/Page_Mattermost/input_All team communication in one place s_2f2733"), Keys.chord(ENTER)): Keys 'ENTER + ' sent to object: 'Object Repository/Use switch case/Page_Mattermost/input_All team communication in one place s_2f2733'

2020-06-05 16:46:59 - [MESSAGE][PASSED] - Keys 'ENTER + ' sent to object: 'Object Repository/Use switch case/Page_Mattermost/input_All team communication in one place s_2f2733'

2020-06-05 16:46:59 - [TEST_STEP][PASSED] - setText(findTestObject("Use switch case/Page_Town Square - My Team Mattermost/textarea_new cmt la da"), var): Text '' is set on object 'Object Repository/Use switch case/Page_Town Square - My Team Mattermost/textarea_new cmt la da'

2020-06-05 16:47:01 - [MESSAGE][PASSED] - Text '' is set on object 'Object Repository/Use switch case/Page_Town Square - My Team Mattermost/textarea_new cmt la da'

2020-06-05 16:47:01 - [TEST_STEP][PASSED] - switch (var): null

2020-06-05 16:47:01 - [TEST_STEP][PASSED] - Default: null

2020-06-05 16:47:01 - [TEST_STEP][PASSED] - setText(findTestObject("Use switch case/Page_Town Square - My Team Mattermost/textarea_oh i am sorr"), "it is falt"): Text 'it is falt' is set on object 'Object Repository/Use switch case/Page_Town Square - My Team Mattermost/textarea_oh i am sorr'

2020-06-05 16:47:02 - [MESSAGE][PASSED] - Text 'it is falt' is set on object 'Object Repository/Use switch case/Page_Town Square - My Team Mattermost/textarea_oh i am sorr'

2020-06-05 16:47:02 - [TEST_STEP][PASSED] - break: null

2020-06-05 16:47:02 - [TEST_STEP][PASSED] - closeBrowser(): Browser is closed

2020-06-05 16:47:02 - [MESSAGE][PASSED] - Browser is closed]]></system-out>
         <system-err><![CDATA[]]></system-err>
      </testcase>
      <testcase name="Test Cases/Switch case/Login_success" time="3.941" classname="Test Cases/Switch case/Login_success" status="PASSED">
         <system-out><![CDATA[2020-06-05 16:47:02 - [TEST_CASE][PASSED] - Test Cases/Switch case/Login_success: Test Cases/Switch case/Login_success

2020-06-05 16:47:02 - [TEST_STEP][PASSED] - openBrowser(""): Browser is opened with url: ''

2020-06-05 16:47:02 - [MESSAGE][INFO] - Starting 'Chrome' driver

2020-06-05 16:47:02 - [MESSAGE][INFO] - Action delay is set to 0 milliseconds

2020-06-05 16:47:03 - [MESSAGE][PASSED] - Browser is opened with url: ''

2020-06-05 16:47:03 - [TEST_STEP][PASSED] - navigateToUrl("http://localhost:8065/"): Navigate to 'http://localhost:8065/' successfully

2020-06-05 16:47:04 - [MESSAGE][PASSED] - Navigate to 'http://localhost:8065/' successfully

2020-06-05 16:47:04 - [TEST_STEP][PASSED] - setText(findTestObject("Use switch case/Page_Mattermost/input_All team communication in one place s_703ef5"), Email): Text 'phatvo' is set on object 'Object Repository/Use switch case/Page_Mattermost/input_All team communication in one place s_703ef5'

2020-06-05 16:47:05 - [MESSAGE][PASSED] - Text 'phatvo' is set on object 'Object Repository/Use switch case/Page_Mattermost/input_All team communication in one place s_703ef5'

2020-06-05 16:47:05 - [TEST_STEP][PASSED] - setEncryptedText(findTestObject("Use switch case/Page_Mattermost/input_All team communication in one place s_2f2733"), Password): Text ****** has been set on object 'Object Repository/Use switch case/Page_Mattermost/input_All team communication in one place s_2f2733'

2020-06-05 16:47:06 - [MESSAGE][PASSED] - Text ****** has been set on object 'Object Repository/Use switch case/Page_Mattermost/input_All team communication in one place s_2f2733'

2020-06-05 16:47:06 - [TEST_STEP][PASSED] - switch (Email): null

2020-06-05 16:47:06 - [TEST_STEP][PASSED] - case "phatvo":: Object: 'Object Repository/Use switch case/Page_Mattermost/span_Sign in' is clicked on

2020-06-05 16:47:06 - [TEST_STEP][PASSED] - if (Password == "RigbBhfdqOBGNlJIWM1ClA=="): Object: 'Object Repository/Use switch case/Page_Mattermost/span_Sign in' is clicked on

2020-06-05 16:47:06 - [MESSAGE][PASSED] - Object: 'Object Repository/Use switch case/Page_Mattermost/span_Sign in' is clicked on

2020-06-05 16:47:06 - [TEST_STEP][PASSED] - Default: null

2020-06-05 16:47:06 - [TEST_STEP][PASSED] - break: null]]></system-out>
         <system-err><![CDATA[]]></system-err>
      </testcase>
      <system-out><![CDATA[2020-06-05 16:38:16 - [TEST_SUITE][FAILED] - Run all test cases: Test Cases/csv test case/public-channel FAILED.
Reason:
com.kms.katalon.core.exception.StepFailedException: Unable to click on object
	at com.kms.katalon.core.webui.keyword.internal.WebUIKeywordMain.stepFailed(WebUIKeywordMain.groovy:64)
	at com.kms.katalon.core.webui.keyword.internal.WebUIKeywordMain.runKeyword(WebUIKeywordMain.groovy:26)
	at com.kms.katalon.core.webui.keyword.builtin.ClickKeyword.click(ClickKeyword.groovy:76)
	at com.kms.katalon.core.webui.keyword.builtin.ClickKeyword.execute(ClickKeyword.groovy:43)
	at com.kms.katalon.core.keyword.internal.KeywordExecutor.executeKeywordForPlatform(KeywordExecutor.groovy:72)
	at com.kms.katalon.core.webui.keyword.WebUiBuiltInKeywords.click(WebUiBuiltInKeywords.groovy:616)
	at com.kms.katalon.core.webui.keyword.WebUiBuiltInKeywords$click$3.call(Unknown Source)
	at public-channel.run(public-channel:42)
	at com.kms.katalon.core.main.ScriptEngine.run(ScriptEngine.java:194)
	at com.kms.katalon.core.main.ScriptEngine.runScriptAsRawText(ScriptEngine.java:119)
	at com.kms.katalon.core.main.TestCaseExecutor.runScript(TestCaseExecutor.java:337)
	at com.kms.katalon.core.main.TestCaseExecutor.doExecute(TestCaseExecutor.java:328)
	at com.kms.katalon.core.main.TestCaseExecutor.processExecutionPhase(TestCaseExecutor.java:307)
	at com.kms.katalon.core.main.TestCaseExecutor.accessMainPhase(TestCaseExecutor.java:299)
	at com.kms.katalon.core.main.TestCaseExecutor.execute(TestCaseExecutor.java:233)
	at com.kms.katalon.core.main.TestSuiteExecutor.accessTestCaseMainPhase(TestSuiteExecutor.java:169)
	at com.kms.katalon.core.main.TestSuiteExecutor.accessTestSuiteMainPhase(TestSuiteExecutor.java:142)
	at com.kms.katalon.core.main.TestSuiteExecutor.execute(TestSuiteExecutor.java:91)
	at com.kms.katalon.core.main.TestCaseMain.startTestSuite(TestCaseMain.java:157)
	at com.kms.katalon.core.main.TestCaseMain$startTestSuite$0.call(Unknown Source)
	at TempTestSuite1591349893024.run(TempTestSuite1591349893024.groovy:37)
Caused by: java.lang.IllegalArgumentException: Object is null
	at com.kms.katalon.core.helper.KeywordHelper.checkTestObjectParameter(KeywordHelper.java:33)
	at com.kms.katalon.core.webui.keyword.builtin.ClickKeyword$_click_closure1.doCall(ClickKeyword.groovy:65)
	at com.kms.katalon.core.webui.keyword.builtin.ClickKeyword$_click_closure1.call(ClickKeyword.groovy)
	at com.kms.katalon.core.webui.keyword.internal.WebUIKeywordMain.runKeyword(WebUIKeywordMain.groovy:20)
	... 19 more]]></system-out>
      <system-err><![CDATA[2020-06-05 16:38:16 - [TEST_SUITE][FAILED] - Run all test cases: Test Cases/csv test case/public-channel FAILED.
Reason:
com.kms.katalon.core.exception.StepFailedException: Unable to click on object
	at com.kms.katalon.core.webui.keyword.internal.WebUIKeywordMain.stepFailed(WebUIKeywordMain.groovy:64)
	at com.kms.katalon.core.webui.keyword.internal.WebUIKeywordMain.runKeyword(WebUIKeywordMain.groovy:26)
	at com.kms.katalon.core.webui.keyword.builtin.ClickKeyword.click(ClickKeyword.groovy:76)
	at com.kms.katalon.core.webui.keyword.builtin.ClickKeyword.execute(ClickKeyword.groovy:43)
	at com.kms.katalon.core.keyword.internal.KeywordExecutor.executeKeywordForPlatform(KeywordExecutor.groovy:72)
	at com.kms.katalon.core.webui.keyword.WebUiBuiltInKeywords.click(WebUiBuiltInKeywords.groovy:616)
	at com.kms.katalon.core.webui.keyword.WebUiBuiltInKeywords$click$3.call(Unknown Source)
	at public-channel.run(public-channel:42)
	at com.kms.katalon.core.main.ScriptEngine.run(ScriptEngine.java:194)
	at com.kms.katalon.core.main.ScriptEngine.runScriptAsRawText(ScriptEngine.java:119)
	at com.kms.katalon.core.main.TestCaseExecutor.runScript(TestCaseExecutor.java:337)
	at com.kms.katalon.core.main.TestCaseExecutor.doExecute(TestCaseExecutor.java:328)
	at com.kms.katalon.core.main.TestCaseExecutor.processExecutionPhase(TestCaseExecutor.java:307)
	at com.kms.katalon.core.main.TestCaseExecutor.accessMainPhase(TestCaseExecutor.java:299)
	at com.kms.katalon.core.main.TestCaseExecutor.execute(TestCaseExecutor.java:233)
	at com.kms.katalon.core.main.TestSuiteExecutor.accessTestCaseMainPhase(TestSuiteExecutor.java:169)
	at com.kms.katalon.core.main.TestSuiteExecutor.accessTestSuiteMainPhase(TestSuiteExecutor.java:142)
	at com.kms.katalon.core.main.TestSuiteExecutor.execute(TestSuiteExecutor.java:91)
	at com.kms.katalon.core.main.TestCaseMain.startTestSuite(TestCaseMain.java:157)
	at com.kms.katalon.core.main.TestCaseMain$startTestSuite$0.call(Unknown Source)
	at TempTestSuite1591349893024.run(TempTestSuite1591349893024.groovy:37)
Caused by: java.lang.IllegalArgumentException: Object is null
	at com.kms.katalon.core.helper.KeywordHelper.checkTestObjectParameter(KeywordHelper.java:33)
	at com.kms.katalon.core.webui.keyword.builtin.ClickKeyword$_click_closure1.doCall(ClickKeyword.groovy:65)
	at com.kms.katalon.core.webui.keyword.builtin.ClickKeyword$_click_closure1.call(ClickKeyword.groovy)
	at com.kms.katalon.core.webui.keyword.internal.WebUIKeywordMain.runKeyword(WebUIKeywordMain.groovy:20)
	... 19 more]]></system-err>
   </testsuite>
</testsuites>
